<?xml version="1.0" encoding="UTF-8"?>
<testsuite xmlns:xsi="http://www.w3.org/2001/XMLSchema-instance" xsi:noNamespaceSchemaLocation="https://maven.apache.org/surefire/maven-surefire-plugin/xsd/surefire-test-report-3.0.xsd" version="3.0" name="exemplo.jpa.teste.TesteSuite" time="2.738" tests="10" errors="0" skipped="0" failures="0">
  <properties>
[...]
</properties>
  <testcase name="ApersistirCliente" classname="exemplo.jpa.teste.ClienteTeste" time="0.345">
    <system-out><![CDATA[[EL Fine]: moxy: 2025-08-18 20:44:55.733--Thread(Thread[#3,main,5,main])--SAXParserFactory instance: com.sun.org.apache.xerces.internal.jaxp.SAXParserFactoryImpl@35f639fa
[EL Fine]: server: 2025-08-18 20:44:55.736--Thread(Thread[#3,main,5,main])--Configured server platform: org.eclipse.persistence.platform.server.NoServerPlatform
[EL Config]: metadata: 2025-08-18 20:44:55.747--ServerSession(1521132614)--Thread(Thread[#3,main,5,main])--The access type for the persistent class [class exemplo.jpa.Usuario] is set to [FIELD].
[EL Config]: metadata: 2025-08-18 20:44:55.749--ServerSession(1521132614)--Thread(Thread[#3,main,5,main])--The target class (reference) class for the element collection mapping element [field telefones] is being defaulted to: class java.lang.String.
[EL Config]: metadata: 2025-08-18 20:44:55.75--ServerSession(1521132614)--Thread(Thread[#3,main,5,main])--The access type for the persistent class [class exemplo.jpa.Cliente] is set to [FIELD].
[EL Config]: metadata: 2025-08-18 20:44:55.75--ServerSession(1521132614)--Thread(Thread[#3,main,5,main])--The target entity (reference) class for the one to many mapping element [field imagens] is being defaulted to: class exemplo.jpa.Imagem.
[EL Config]: metadata: 2025-08-18 20:44:55.751--ServerSession(1521132614)--Thread(Thread[#3,main,5,main])--The target entity (reference) class for the one to one mapping element [field pedido] is being defaulted to: class exemplo.jpa.Pedido.
[EL Config]: metadata: 2025-08-18 20:44:55.751--ServerSession(1521132614)--Thread(Thread[#3,main,5,main])--The access type for the persistent class [class exemplo.jpa.Imagem] is set to [FIELD].
[EL Config]: metadata: 2025-08-18 20:44:55.751--ServerSession(1521132614)--Thread(Thread[#3,main,5,main])--The target entity (reference) class for the many to one mapping element [field cliente] is being defaulted to: class exemplo.jpa.Cliente.
[EL Config]: metadata: 2025-08-18 20:44:55.751--ServerSession(1521132614)--Thread(Thread[#3,main,5,main])--The access type for the persistent class [class exemplo.jpa.Fornecedor] is set to [FIELD].
[EL Config]: metadata: 2025-08-18 20:44:55.752--ServerSession(1521132614)--Thread(Thread[#3,main,5,main])--The target entity (reference) class for the many to many mapping element [field servicos] is being defaulted to: class exemplo.jpa.Servico.
[EL Config]: metadata: 2025-08-18 20:44:55.752--ServerSession(1521132614)--Thread(Thread[#3,main,5,main])--The access type for the persistent class [class exemplo.jpa.Pedido] is set to [FIELD].
[EL Config]: metadata: 2025-08-18 20:44:55.752--ServerSession(1521132614)--Thread(Thread[#3,main,5,main])--The target entity (reference) class for the one to one mapping element [field cliente] is being defaulted to: class exemplo.jpa.Cliente.
[EL Config]: metadata: 2025-08-18 20:44:55.752--ServerSession(1521132614)--Thread(Thread[#3,main,5,main])--The access type for the persistent class [class exemplo.jpa.Servico] is set to [FIELD].
[EL Config]: metadata: 2025-08-18 20:44:55.753--ServerSession(1521132614)--Thread(Thread[#3,main,5,main])--The target entity (reference) class for the many to many mapping element [field fornecedores] is being defaulted to: class exemplo.jpa.Fornecedor.
[EL Config]: metadata: 2025-08-18 20:44:55.753--ServerSession(1521132614)--Thread(Thread[#3,main,5,main])--The access type for the persistent class [class exemplo.jpa.Endereco] is set to [FIELD].
[EL Config]: metadata: 2025-08-18 20:44:55.754--ServerSession(1521132614)--Thread(Thread[#3,main,5,main])--The alias name for the entity class [class exemplo.jpa.Cliente] is being defaulted to: Cliente.
[EL Config]: metadata: 2025-08-18 20:44:55.755--ServerSession(1521132614)--Thread(Thread[#3,main,5,main])--The alias name for the entity class [class exemplo.jpa.Usuario] is being defaulted to: Usuario.
[EL Config]: metadata: 2025-08-18 20:44:55.757--ServerSession(1521132614)--Thread(Thread[#3,main,5,main])--The alias name for the entity class [class exemplo.jpa.Imagem] is being defaulted to: Imagem.
[EL Config]: metadata: 2025-08-18 20:44:55.757--ServerSession(1521132614)--Thread(Thread[#3,main,5,main])--The alias name for the entity class [class exemplo.jpa.Fornecedor] is being defaulted to: Fornecedor.
[EL Config]: metadata: 2025-08-18 20:44:55.758--ServerSession(1521132614)--Thread(Thread[#3,main,5,main])--The alias name for the entity class [class exemplo.jpa.Pedido] is being defaulted to: Pedido.
[EL Config]: metadata: 2025-08-18 20:44:55.759--ServerSession(1521132614)--Thread(Thread[#3,main,5,main])--The alias name for the entity class [class exemplo.jpa.Servico] is being defaulted to: Servico.
[EL Config]: metadata: 2025-08-18 20:44:55.759--ServerSession(1521132614)--Thread(Thread[#3,main,5,main])--The primary key column name for the mapping element [field telefones] is being defaulted to: ID.
[EL Config]: metadata: 2025-08-18 20:44:55.76--ServerSession(1521132614)--Thread(Thread[#3,main,5,main])--The primary key column name for the mapping element [field cliente] is being defaulted to: ID.
[EL Config]: metadata: 2025-08-18 20:44:55.76--ServerSession(1521132614)--Thread(Thread[#3,main,5,main])--The source primary key column name for the many to many mapping [field servicos] is being defaulted to: ID.
[EL Config]: metadata: 2025-08-18 20:44:55.761--ServerSession(1521132614)--Thread(Thread[#3,main,5,main])--The target primary key column name for the many to many mapping [field servicos] is being defaulted to: ID.
[EL Info]: 2025-08-18 20:44:55.768--ServerSession(1521132614)--Thread(Thread[#3,main,5,main])--EclipseLink, version: Eclipse Persistence Services - 4.0.4.v202407190748-059428cdd2583c46f1f3e50d235854840a6fa9a7
[EL Fine]: connection: 2025-08-18 20:44:55.768--ServerSession(1521132614)--Connection(1183701566)--Thread(Thread[#3,main,5,main])--connecting(DatabaseLogin(
	platform=>DerbyPlatform
	user name=> "app"
	datasource URL=> "jdbc:derby://localhost:1527/projeto-semestre;create=true"
))
[EL Config]: connection: 2025-08-18 20:44:55.771--ServerSession(1521132614)--Connection(1428664849)--Thread(Thread[#3,main,5,main])--Connected: jdbc:derby://localhost:1527/projeto-semestre;create=true
	User: app
	Database: Apache Derby  Version: 10.17.1.0 - (1913217)
	Driver: Apache Derby Network Client JDBC Driver  Version: 10.16.1.1 - (1901046)
[EL Warning]: metadata: 2025-08-18 20:44:55.772--ServerSession(1521132614)--Thread(Thread[#3,main,5,main])--Reverting the lazy setting on the OneToOne or ManyToOne attribute [pedido] for the entity class [class exemplo.jpa.Cliente] since weaving was not enabled or did not occur.
[EL Fine]: connection: 2025-08-18 20:44:55.78--ServerSession(1521132614)--Thread(Thread[#3,main,5,main])--/file:/home/rafael/Documentos/projetos/faculdade/desenvolvimento-corporativo/projeto-semestre/target/classes/_projeto-semestre login successful
[EL Fine]: sql: 2025-08-18 20:44:55.782--ServerSession(1521132614)--Connection(1428664849)--Thread(Thread[#3,main,5,main])--ALTER TABLE TB_CLIENTE DROP CONSTRAINT TBCLIENTEIDUSUARIO
[EL Fine]: sql: 2025-08-18 20:44:55.795--ServerSession(1521132614)--Connection(1428664849)--Thread(Thread[#3,main,5,main])--ALTER TABLE TB_CLIENTE DROP CONSTRAINT TBCLIENTEID_PEDIDO
[EL Fine]: sql: 2025-08-18 20:44:55.807--ServerSession(1521132614)--Connection(1428664849)--Thread(Thread[#3,main,5,main])--ALTER TABLE TB_IMAGEM DROP CONSTRAINT TBIMAGEMID_USUARIO
[EL Fine]: sql: 2025-08-18 20:44:55.818--ServerSession(1521132614)--Connection(1428664849)--Thread(Thread[#3,main,5,main])--ALTER TABLE TB_FORNECEDOR DROP CONSTRAINT TBFRNECEDORDSUARIO
[EL Fine]: sql: 2025-08-18 20:44:55.823--ServerSession(1521132614)--Connection(1428664849)--Thread(Thread[#3,main,5,main])--ALTER TABLE TB_USUARIO_SERVICO DROP CONSTRAINT TBSRIOSERVICODSRIO
[EL Fine]: sql: 2025-08-18 20:44:55.835--ServerSession(1521132614)--Connection(1428664849)--Thread(Thread[#3,main,5,main])--ALTER TABLE TB_USUARIO_SERVICO DROP CONSTRAINT TBSROSERVICODSRVCO
[EL Fine]: sql: 2025-08-18 20:44:55.849--ServerSession(1521132614)--Connection(1428664849)--Thread(Thread[#3,main,5,main])--ALTER TABLE TB_TELEFONE DROP CONSTRAINT TBTELEFONEDUSUARIO
[EL Fine]: sql: 2025-08-18 20:44:55.862--ServerSession(1521132614)--Connection(1428664849)--Thread(Thread[#3,main,5,main])--DROP TABLE TB_USUARIO
[EL Fine]: sql: 2025-08-18 20:44:55.896--ServerSession(1521132614)--Connection(1428664849)--Thread(Thread[#3,main,5,main])--DROP TABLE TB_CLIENTE
[EL Fine]: sql: 2025-08-18 20:44:55.915--ServerSession(1521132614)--Connection(1428664849)--Thread(Thread[#3,main,5,main])--DROP TABLE TB_IMAGEM
[EL Fine]: sql: 2025-08-18 20:44:55.933--ServerSession(1521132614)--Connection(1428664849)--Thread(Thread[#3,main,5,main])--DROP TABLE TB_FORNECEDOR
[EL Fine]: sql: 2025-08-18 20:44:55.951--ServerSession(1521132614)--Connection(1428664849)--Thread(Thread[#3,main,5,main])--DROP TABLE TB_PEDIDO
[EL Fine]: sql: 2025-08-18 20:44:55.971--ServerSession(1521132614)--Connection(1428664849)--Thread(Thread[#3,main,5,main])--DROP TABLE TB_SERVICO
[EL Fine]: sql: 2025-08-18 20:44:55.992--ServerSession(1521132614)--Connection(1428664849)--Thread(Thread[#3,main,5,main])--DROP TABLE TB_USUARIO_SERVICO
[EL Fine]: sql: 2025-08-18 20:44:56.014--ServerSession(1521132614)--Connection(1428664849)--Thread(Thread[#3,main,5,main])--DROP TABLE TB_TELEFONE
[EL Fine]: sql: 2025-08-18 20:44:56.031--ServerSession(1521132614)--Connection(1428664849)--Thread(Thread[#3,main,5,main])--CREATE TABLE TB_USUARIO (ID BIGINT GENERATED BY DEFAULT AS IDENTITY NOT NULL, DISC_USUARIO VARCHAR(10), TXT_CPF VARCHAR(14) NOT NULL UNIQUE, TXT_EMAIL VARCHAR(50) NOT NULL, TXT_LOGIN VARCHAR(50) NOT NULL UNIQUE, TXT_NOME VARCHAR(255) NOT NULL, TXT_SENHA VARCHAR(20) NOT NULL, END_TXT_BAIRRO VARCHAR(150) NOT NULL, END_TXT_CEP VARCHAR(20) NOT NULL, END_TXT_CIDADE VARCHAR(50) NOT NULL, END_TXT_COMPLEMENTO VARCHAR(30), END_TXT_ESTADO VARCHAR(50) NOT NULL, END_TXT_LOGRADOURO VARCHAR(150) NOT NULL, END_NUMERO INTEGER NOT NULL, PRIMARY KEY (ID))
[EL Fine]: sql: 2025-08-18 20:44:56.082--ServerSession(1521132614)--Connection(1428664849)--Thread(Thread[#3,main,5,main])--CREATE TABLE TB_CLIENTE (ID_USUARIO BIGINT NOT NULL, ID_PEDIDO BIGINT, PRIMARY KEY (ID_USUARIO))
[EL Fine]: sql: 2025-08-18 20:44:56.107--ServerSession(1521132614)--Connection(1428664849)--Thread(Thread[#3,main,5,main])--CREATE TABLE TB_IMAGEM (ID BIGINT GENERATED BY DEFAULT AS IDENTITY NOT NULL, BYTE_IMAGE BLOB(2147483647) NOT NULL, ID_USUARIO BIGINT, PRIMARY KEY (ID))
[EL Fine]: sql: 2025-08-18 20:44:56.131--ServerSession(1521132614)--Connection(1428664849)--Thread(Thread[#3,main,5,main])--CREATE TABLE TB_FORNECEDOR (ID_USUARIO BIGINT NOT NULL, PRIMARY KEY (ID_USUARIO))
[EL Fine]: sql: 2025-08-18 20:44:56.154--ServerSession(1521132614)--Connection(1428664849)--Thread(Thread[#3,main,5,main])--CREATE TABLE TB_PEDIDO (ID BIGINT GENERATED BY DEFAULT AS IDENTITY NOT NULL, DT_PEDIDO DATE NOT NULL, TXT_TIPO_PAGAMENTO VARCHAR(20) NOT NULL, PRIMARY KEY (ID))
[EL Fine]: sql: 2025-08-18 20:44:56.177--ServerSession(1521132614)--Connection(1428664849)--Thread(Thread[#3,main,5,main])--CREATE TABLE TB_SERVICO (ID BIGINT GENERATED BY DEFAULT AS IDENTITY NOT NULL, TXT_NOME VARCHAR(50) NOT NULL, TXT_PRECO FLOAT NOT NULL, TXT_TIPO VARCHAR(50) NOT NULL, PRIMARY KEY (ID))
[EL Fine]: sql: 2025-08-18 20:44:56.199--ServerSession(1521132614)--Connection(1428664849)--Thread(Thread[#3,main,5,main])--CREATE TABLE TB_USUARIO_SERVICO (ID_USUARIO BIGINT NOT NULL, ID_SERVICO BIGINT NOT NULL, PRIMARY KEY (ID_USUARIO, ID_SERVICO))
[EL Fine]: sql: 2025-08-18 20:44:56.222--ServerSession(1521132614)--Connection(1428664849)--Thread(Thread[#3,main,5,main])--CREATE TABLE TB_TELEFONE (ID_USUARIO BIGINT NOT NULL, TXT_NUM_TELEFONE VARCHAR(20) NOT NULL)
[EL Fine]: sql: 2025-08-18 20:44:56.232--ServerSession(1521132614)--Connection(1428664849)--Thread(Thread[#3,main,5,main])--ALTER TABLE TB_CLIENTE ADD CONSTRAINT TBCLIENTEIDUSUARIO FOREIGN KEY (ID_USUARIO) REFERENCES TB_USUARIO (ID)
[EL Fine]: sql: 2025-08-18 20:44:56.238--ServerSession(1521132614)--Connection(1428664849)--Thread(Thread[#3,main,5,main])--ALTER TABLE TB_CLIENTE ADD CONSTRAINT TBCLIENTEID_PEDIDO FOREIGN KEY (ID_PEDIDO) REFERENCES TB_PEDIDO (ID)
[EL Fine]: sql: 2025-08-18 20:44:56.252--ServerSession(1521132614)--Connection(1428664849)--Thread(Thread[#3,main,5,main])--ALTER TABLE TB_IMAGEM ADD CONSTRAINT TBIMAGEMID_USUARIO FOREIGN KEY (ID_USUARIO) REFERENCES TB_USUARIO (ID)
[EL Fine]: sql: 2025-08-18 20:44:56.273--ServerSession(1521132614)--Connection(1428664849)--Thread(Thread[#3,main,5,main])--ALTER TABLE TB_FORNECEDOR ADD CONSTRAINT TBFRNECEDORDSUARIO FOREIGN KEY (ID_USUARIO) REFERENCES TB_USUARIO (ID)
[EL Fine]: sql: 2025-08-18 20:44:56.28--ServerSession(1521132614)--Connection(1428664849)--Thread(Thread[#3,main,5,main])--ALTER TABLE TB_USUARIO_SERVICO ADD CONSTRAINT TBSRIOSERVICODSRIO FOREIGN KEY (ID_USUARIO) REFERENCES TB_USUARIO (ID)
[EL Fine]: sql: 2025-08-18 20:44:56.298--ServerSession(1521132614)--Connection(1428664849)--Thread(Thread[#3,main,5,main])--ALTER TABLE TB_USUARIO_SERVICO ADD CONSTRAINT TBSROSERVICODSRVCO FOREIGN KEY (ID_SERVICO) REFERENCES TB_SERVICO (ID)
[EL Fine]: sql: 2025-08-18 20:44:56.314--ServerSession(1521132614)--Connection(1428664849)--Thread(Thread[#3,main,5,main])--ALTER TABLE TB_TELEFONE ADD CONSTRAINT TBTELEFONEDUSUARIO FOREIGN KEY (ID_USUARIO) REFERENCES TB_USUARIO (ID)
[EL Fine]: sql: 2025-08-18 20:44:57.03--ClientSession(717132147)--Connection(1428664849)--Thread(Thread[#3,main,5,main])--INSERT INTO TB_PEDIDO (DT_PEDIDO, TXT_TIPO_PAGAMENTO) VALUES (?, ?)
	bind => [1981-02-25, PIX]
[EL Fine]: sql: 2025-08-18 20:44:57.04--ClientSession(717132147)--Connection(1428664849)--Thread(Thread[#3,main,5,main])--INSERT INTO TB_USUARIO (TXT_CPF, TXT_EMAIL, TXT_LOGIN, TXT_NOME, TXT_SENHA, END_TXT_BAIRRO, END_TXT_CEP, END_TXT_CIDADE, END_TXT_COMPLEMENTO, END_TXT_ESTADO, END_TXT_LOGRADOURO, END_NUMERO, DISC_USUARIO) VALUES (?, ?, ?, ?, ?, ?, ?, ?, ?, ?, ?, ?, ?)
	bind => [342.645.800-48, fulano-sauro-barbosa@gmail.com, fulano-sauro-barbosa, Fulano da silva sauro barbosa, Teste1@barbosa, Iputinga, 50.690-220, Recife, bloco b, PE, Rua Iolanda Rodrigues Sobral, 550, Cliente]
[EL Fine]: sql: 2025-08-18 20:44:57.046--ClientSession(717132147)--Connection(1428664849)--Thread(Thread[#3,main,5,main])--INSERT INTO TB_CLIENTE (ID_PEDIDO, ID_USUARIO) VALUES (?, ?)
	bind => [8, 18]
[EL Fine]: sql: 2025-08-18 20:44:57.05--ClientSession(717132147)--Connection(1428664849)--Thread(Thread[#3,main,5,main])--INSERT INTO TB_TELEFONE (ID_USUARIO, TXT_NUM_TELEFONE) VALUES (?, ?)
	bind => [18, 888884325]
]]></system-out>
    <system-err><![CDATA[ago. 18, 2025 8:44:56 PM exemplo.jpa.teste.ClienteTeste ApersistirCliente
INFORMAÇÕES: Executando persistirrCliente()
]]></system-err>
  </testcase>
  <testcase name="BconsultarCliente" classname="exemplo.jpa.teste.ClienteTeste" time="0.041">
    <system-out><![CDATA[[EL Fine]: sql: 2025-08-18 20:44:57.06--ServerSession(1521132614)--Connection(1428664849)--Thread(Thread[#3,main,5,main])--SELECT t0.ID, t0.DISC_USUARIO, t0.TXT_CPF, t0.TXT_EMAIL, t0.TXT_LOGIN, t0.TXT_NOME, t0.TXT_SENHA, t0.END_TXT_BAIRRO, t0.END_TXT_CEP, t0.END_TXT_CIDADE, t0.END_TXT_COMPLEMENTO, t0.END_TXT_ESTADO, t0.END_TXT_LOGRADOURO, t0.END_NUMERO, t1.ID_USUARIO, t1.ID_PEDIDO FROM TB_USUARIO t0, TB_CLIENTE t1 WHERE ((t0.ID = ?) AND ((t1.ID_USUARIO = t0.ID) AND (t0.DISC_USUARIO = ?)))
	bind => [1, Cliente]
[EL Fine]: sql: 2025-08-18 20:44:57.072--ServerSession(1521132614)--Connection(1428664849)--Thread(Thread[#3,main,5,main])--SELECT ID, DT_PEDIDO, TXT_TIPO_PAGAMENTO FROM TB_PEDIDO WHERE (ID = ?)
	bind => [1]
[EL Fine]: sql: 2025-08-18 20:44:57.079--ServerSession(1521132614)--Connection(1428664849)--Thread(Thread[#3,main,5,main])--SELECT t0.ID, t0.DISC_USUARIO, t0.TXT_CPF, t0.TXT_EMAIL, t0.TXT_LOGIN, t0.TXT_NOME, t0.TXT_SENHA, t0.END_TXT_BAIRRO, t0.END_TXT_CEP, t0.END_TXT_CIDADE, t0.END_TXT_COMPLEMENTO, t0.END_TXT_ESTADO, t0.END_TXT_LOGRADOURO, t0.END_NUMERO, t1.ID_USUARIO, t1.ID_PEDIDO FROM TB_USUARIO t0, TB_CLIENTE t1 WHERE ((t1.ID_PEDIDO = ?) AND ((t1.ID_USUARIO = t0.ID) AND (t0.DISC_USUARIO = ?)))
	bind => [1, Cliente]
[EL Fine]: sql: 2025-08-18 20:44:57.091--ServerSession(1521132614)--Connection(1428664849)--Thread(Thread[#3,main,5,main])--SELECT t0.TXT_NUM_TELEFONE FROM TB_TELEFONE t0 WHERE (t0.ID_USUARIO = ?)
	bind => [1]
]]></system-out>
    <system-err><![CDATA[ago. 18, 2025 8:44:57 PM exemplo.jpa.teste.ClienteTeste BconsultarCliente
INFORMAÇÕES: Executando consultarCliente()
]]></system-err>
  </testcase>
  <testcase name="CatualizaCliente" classname="exemplo.jpa.teste.ClienteTeste" time="0.045">
    <system-out><![CDATA[[EL Fine]: sql: 2025-08-18 20:44:57.1--ServerSession(1521132614)--Connection(1428664849)--Thread(Thread[#3,main,5,main])--SELECT t0.ID, t0.DISC_USUARIO, t0.TXT_CPF, t0.TXT_EMAIL, t0.TXT_LOGIN, t0.TXT_NOME, t0.TXT_SENHA, t0.END_TXT_BAIRRO, t0.END_TXT_CEP, t0.END_TXT_CIDADE, t0.END_TXT_COMPLEMENTO, t0.END_TXT_ESTADO, t0.END_TXT_LOGRADOURO, t0.END_NUMERO, t1.ID_USUARIO, t1.ID_PEDIDO FROM TB_USUARIO t0, TB_CLIENTE t1 WHERE ((t0.ID = ?) AND ((t1.ID_USUARIO = t0.ID) AND (t0.DISC_USUARIO = ?)))
	bind => [2, Cliente]
[EL Fine]: sql: 2025-08-18 20:44:57.102--ServerSession(1521132614)--Connection(1428664849)--Thread(Thread[#3,main,5,main])--SELECT ID, DT_PEDIDO, TXT_TIPO_PAGAMENTO FROM TB_PEDIDO WHERE (ID = ?)
	bind => [2]
[EL Fine]: sql: 2025-08-18 20:44:57.104--ServerSession(1521132614)--Connection(1428664849)--Thread(Thread[#3,main,5,main])--SELECT t0.ID, t0.DISC_USUARIO, t0.TXT_CPF, t0.TXT_EMAIL, t0.TXT_LOGIN, t0.TXT_NOME, t0.TXT_SENHA, t0.END_TXT_BAIRRO, t0.END_TXT_CEP, t0.END_TXT_CIDADE, t0.END_TXT_COMPLEMENTO, t0.END_TXT_ESTADO, t0.END_TXT_LOGRADOURO, t0.END_NUMERO, t1.ID_USUARIO, t1.ID_PEDIDO FROM TB_USUARIO t0, TB_CLIENTE t1 WHERE ((t1.ID_PEDIDO = ?) AND ((t1.ID_USUARIO = t0.ID) AND (t0.DISC_USUARIO = ?)))
	bind => [2, Cliente]
[EL Fine]: sql: 2025-08-18 20:44:57.114--ClientSession(1058994646)--Connection(1428664849)--Thread(Thread[#3,main,5,main])--UPDATE TB_USUARIO SET TXT_SENHA = ?, END_TXT_CEP = ?, END_TXT_ESTADO = ? WHERE (ID = ?)
	bind => [Nova@123, 01.010-000, SP, 2]
[EL Fine]: sql: 2025-08-18 20:44:57.131--ClientSession(1058994646)--Connection(1428664849)--Thread(Thread[#3,main,5,main])--SELECT t0.ID, t0.DISC_USUARIO, t0.TXT_CPF, t0.TXT_EMAIL, t0.TXT_LOGIN, t0.TXT_NOME, t0.TXT_SENHA, t0.END_TXT_BAIRRO, t0.END_TXT_CEP, t0.END_TXT_CIDADE, t0.END_TXT_COMPLEMENTO, t0.END_TXT_ESTADO, t0.END_TXT_LOGRADOURO, t0.END_NUMERO, t1.ID_USUARIO, t1.ID_PEDIDO FROM TB_USUARIO t0, TB_CLIENTE t1 WHERE ((t0.ID = ?) AND ((t1.ID_USUARIO = t0.ID) AND (t0.DISC_USUARIO = ?)))
	bind => [2, Cliente]
[EL Fine]: sql: 2025-08-18 20:44:57.133--ClientSession(1058994646)--Connection(1428664849)--Thread(Thread[#3,main,5,main])--SELECT ID, DT_PEDIDO, TXT_TIPO_PAGAMENTO FROM TB_PEDIDO WHERE (ID = ?)
	bind => [2]
[EL Fine]: sql: 2025-08-18 20:44:57.134--ClientSession(1058994646)--Connection(1428664849)--Thread(Thread[#3,main,5,main])--SELECT t0.ID, t0.DISC_USUARIO, t0.TXT_CPF, t0.TXT_EMAIL, t0.TXT_LOGIN, t0.TXT_NOME, t0.TXT_SENHA, t0.END_TXT_BAIRRO, t0.END_TXT_CEP, t0.END_TXT_CIDADE, t0.END_TXT_COMPLEMENTO, t0.END_TXT_ESTADO, t0.END_TXT_LOGRADOURO, t0.END_NUMERO, t1.ID_USUARIO, t1.ID_PEDIDO FROM TB_USUARIO t0, TB_CLIENTE t1 WHERE ((t1.ID_PEDIDO = ?) AND ((t1.ID_USUARIO = t0.ID) AND (t0.DISC_USUARIO = ?)))
	bind => [2, Cliente]
]]></system-out>
    <system-err><![CDATA[ago. 18, 2025 8:44:57 PM exemplo.jpa.teste.ClienteTeste CatualizaCliente
INFORMAÇÕES: Executando atualizaCliente()
]]></system-err>
  </testcase>
  <testcase name="DatualizaClienteMerge" classname="exemplo.jpa.teste.ClienteTeste" time="0.038">
    <system-out><![CDATA[[EL Fine]: sql: 2025-08-18 20:44:57.144--ServerSession(1521132614)--Connection(1428664849)--Thread(Thread[#3,main,5,main])--SELECT t0.ID, t0.DISC_USUARIO, t0.TXT_CPF, t0.TXT_EMAIL, t0.TXT_LOGIN, t0.TXT_NOME, t0.TXT_SENHA, t0.END_TXT_BAIRRO, t0.END_TXT_CEP, t0.END_TXT_CIDADE, t0.END_TXT_COMPLEMENTO, t0.END_TXT_ESTADO, t0.END_TXT_LOGRADOURO, t0.END_NUMERO, t1.ID_USUARIO, t1.ID_PEDIDO FROM TB_USUARIO t0, TB_CLIENTE t1 WHERE ((t0.ID = ?) AND ((t1.ID_USUARIO = t0.ID) AND (t0.DISC_USUARIO = ?)))
	bind => [2, Cliente]
[EL Fine]: sql: 2025-08-18 20:44:57.147--ServerSession(1521132614)--Connection(1428664849)--Thread(Thread[#3,main,5,main])--SELECT ID, DT_PEDIDO, TXT_TIPO_PAGAMENTO FROM TB_PEDIDO WHERE (ID = ?)
	bind => [2]
[EL Fine]: sql: 2025-08-18 20:44:57.149--ServerSession(1521132614)--Connection(1428664849)--Thread(Thread[#3,main,5,main])--SELECT t0.ID, t0.DISC_USUARIO, t0.TXT_CPF, t0.TXT_EMAIL, t0.TXT_LOGIN, t0.TXT_NOME, t0.TXT_SENHA, t0.END_TXT_BAIRRO, t0.END_TXT_CEP, t0.END_TXT_CIDADE, t0.END_TXT_COMPLEMENTO, t0.END_TXT_ESTADO, t0.END_TXT_LOGRADOURO, t0.END_NUMERO, t1.ID_USUARIO, t1.ID_PEDIDO FROM TB_USUARIO t0, TB_CLIENTE t1 WHERE ((t1.ID_PEDIDO = ?) AND ((t1.ID_USUARIO = t0.ID) AND (t0.DISC_USUARIO = ?)))
	bind => [2, Cliente]
[EL Fine]: sql: 2025-08-18 20:44:57.155--ServerSession(1521132614)--Connection(1428664849)--Thread(Thread[#3,main,5,main])--SELECT t0.ID, t0.DISC_USUARIO, t0.TXT_CPF, t0.TXT_EMAIL, t0.TXT_LOGIN, t0.TXT_NOME, t0.TXT_SENHA, t0.END_TXT_BAIRRO, t0.END_TXT_CEP, t0.END_TXT_CIDADE, t0.END_TXT_COMPLEMENTO, t0.END_TXT_ESTADO, t0.END_TXT_LOGRADOURO, t0.END_NUMERO, t1.ID_USUARIO, t1.ID_PEDIDO FROM TB_USUARIO t0, TB_CLIENTE t1 WHERE ((t0.ID = ?) AND ((t1.ID_USUARIO = t0.ID) AND (t0.DISC_USUARIO = ?)))
	bind => [2, Cliente]
[EL Fine]: sql: 2025-08-18 20:44:57.157--ServerSession(1521132614)--Connection(1428664849)--Thread(Thread[#3,main,5,main])--SELECT ID, DT_PEDIDO, TXT_TIPO_PAGAMENTO FROM TB_PEDIDO WHERE (ID = ?)
	bind => [2]
[EL Fine]: sql: 2025-08-18 20:44:57.158--ServerSession(1521132614)--Connection(1428664849)--Thread(Thread[#3,main,5,main])--SELECT t0.ID, t0.DISC_USUARIO, t0.TXT_CPF, t0.TXT_EMAIL, t0.TXT_LOGIN, t0.TXT_NOME, t0.TXT_SENHA, t0.END_TXT_BAIRRO, t0.END_TXT_CEP, t0.END_TXT_CIDADE, t0.END_TXT_COMPLEMENTO, t0.END_TXT_ESTADO, t0.END_TXT_LOGRADOURO, t0.END_NUMERO, t1.ID_USUARIO, t1.ID_PEDIDO FROM TB_USUARIO t0, TB_CLIENTE t1 WHERE ((t1.ID_PEDIDO = ?) AND ((t1.ID_USUARIO = t0.ID) AND (t0.DISC_USUARIO = ?)))
	bind => [2, Cliente]
[EL Fine]: sql: 2025-08-18 20:44:57.167--ClientSession(995911260)--Connection(1428664849)--Thread(Thread[#3,main,5,main])--UPDATE TB_USUARIO SET TXT_EMAIL = ? WHERE (ID = ?)
	bind => [alice-maria@email.com, 2]
[EL Fine]: sql: 2025-08-18 20:44:57.173--ClientSession(995911260)--Connection(1428664849)--Thread(Thread[#3,main,5,main])--SELECT t0.ID, t0.DISC_USUARIO, t0.TXT_CPF, t0.TXT_EMAIL, t0.TXT_LOGIN, t0.TXT_NOME, t0.TXT_SENHA, t0.END_TXT_BAIRRO, t0.END_TXT_CEP, t0.END_TXT_CIDADE, t0.END_TXT_COMPLEMENTO, t0.END_TXT_ESTADO, t0.END_TXT_LOGRADOURO, t0.END_NUMERO, t1.ID_USUARIO, t1.ID_PEDIDO FROM TB_USUARIO t0, TB_CLIENTE t1 WHERE ((t0.ID = ?) AND ((t1.ID_USUARIO = t0.ID) AND (t0.DISC_USUARIO = ?)))
	bind => [2, Cliente]
[EL Fine]: sql: 2025-08-18 20:44:57.175--ClientSession(995911260)--Connection(1428664849)--Thread(Thread[#3,main,5,main])--SELECT ID, DT_PEDIDO, TXT_TIPO_PAGAMENTO FROM TB_PEDIDO WHERE (ID = ?)
	bind => [2]
[EL Fine]: sql: 2025-08-18 20:44:57.177--ClientSession(995911260)--Connection(1428664849)--Thread(Thread[#3,main,5,main])--SELECT t0.ID, t0.DISC_USUARIO, t0.TXT_CPF, t0.TXT_EMAIL, t0.TXT_LOGIN, t0.TXT_NOME, t0.TXT_SENHA, t0.END_TXT_BAIRRO, t0.END_TXT_CEP, t0.END_TXT_CIDADE, t0.END_TXT_COMPLEMENTO, t0.END_TXT_ESTADO, t0.END_TXT_LOGRADOURO, t0.END_NUMERO, t1.ID_USUARIO, t1.ID_PEDIDO FROM TB_USUARIO t0, TB_CLIENTE t1 WHERE ((t1.ID_PEDIDO = ?) AND ((t1.ID_USUARIO = t0.ID) AND (t0.DISC_USUARIO = ?)))
	bind => [2, Cliente]
]]></system-out>
    <system-err><![CDATA[ago. 18, 2025 8:44:57 PM exemplo.jpa.teste.ClienteTeste DatualizaClienteMerge
INFORMAÇÕES: Executando atualizaClienteMerge()
]]></system-err>
  </testcase>
  <testcase name="EremoveCliente" classname="exemplo.jpa.teste.ClienteTeste" time="0.059">
    <system-out><![CDATA[[EL Fine]: sql: 2025-08-18 20:44:57.183--ServerSession(1521132614)--Connection(1428664849)--Thread(Thread[#3,main,5,main])--SELECT t0.ID, t0.DISC_USUARIO, t0.TXT_CPF, t0.TXT_EMAIL, t0.TXT_LOGIN, t0.TXT_NOME, t0.TXT_SENHA, t0.END_TXT_BAIRRO, t0.END_TXT_CEP, t0.END_TXT_CIDADE, t0.END_TXT_COMPLEMENTO, t0.END_TXT_ESTADO, t0.END_TXT_LOGRADOURO, t0.END_NUMERO, t1.ID_USUARIO, t1.ID_PEDIDO FROM TB_USUARIO t0, TB_CLIENTE t1 WHERE ((t0.ID = ?) AND ((t1.ID_USUARIO = t0.ID) AND (t0.DISC_USUARIO = ?)))
	bind => [2, Cliente]
[EL Fine]: sql: 2025-08-18 20:44:57.185--ServerSession(1521132614)--Connection(1428664849)--Thread(Thread[#3,main,5,main])--SELECT ID, DT_PEDIDO, TXT_TIPO_PAGAMENTO FROM TB_PEDIDO WHERE (ID = ?)
	bind => [2]
[EL Fine]: sql: 2025-08-18 20:44:57.186--ServerSession(1521132614)--Connection(1428664849)--Thread(Thread[#3,main,5,main])--SELECT t0.ID, t0.DISC_USUARIO, t0.TXT_CPF, t0.TXT_EMAIL, t0.TXT_LOGIN, t0.TXT_NOME, t0.TXT_SENHA, t0.END_TXT_BAIRRO, t0.END_TXT_CEP, t0.END_TXT_CIDADE, t0.END_TXT_COMPLEMENTO, t0.END_TXT_ESTADO, t0.END_TXT_LOGRADOURO, t0.END_NUMERO, t1.ID_USUARIO, t1.ID_PEDIDO FROM TB_USUARIO t0, TB_CLIENTE t1 WHERE ((t1.ID_PEDIDO = ?) AND ((t1.ID_USUARIO = t0.ID) AND (t0.DISC_USUARIO = ?)))
	bind => [2, Cliente]
[EL Fine]: sql: 2025-08-18 20:44:57.189--ServerSession(1521132614)--Connection(1428664849)--Thread(Thread[#3,main,5,main])--SELECT ID, BYTE_IMAGE, ID_USUARIO FROM TB_IMAGEM WHERE (ID_USUARIO = ?)
	bind => [2]
[EL Fine]: sql: 2025-08-18 20:44:57.205--ClientSession(1403495948)--Connection(1428664849)--Thread(Thread[#3,main,5,main])--DELETE FROM TB_IMAGEM WHERE (ID = ?)
	bind => [1]
[EL Fine]: sql: 2025-08-18 20:44:57.211--ClientSession(1403495948)--Connection(1428664849)--Thread(Thread[#3,main,5,main])--DELETE FROM TB_IMAGEM WHERE (ID = ?)
	bind => [2]
[EL Fine]: sql: 2025-08-18 20:44:57.212--ClientSession(1403495948)--Connection(1428664849)--Thread(Thread[#3,main,5,main])--DELETE FROM TB_IMAGEM WHERE (ID = ?)
	bind => [3]
[EL Fine]: sql: 2025-08-18 20:44:57.213--ClientSession(1403495948)--Connection(1428664849)--Thread(Thread[#3,main,5,main])--DELETE FROM TB_IMAGEM WHERE (ID = ?)
	bind => [4]
[EL Fine]: sql: 2025-08-18 20:44:57.214--ClientSession(1403495948)--Connection(1428664849)--Thread(Thread[#3,main,5,main])--DELETE FROM TB_TELEFONE WHERE (ID_USUARIO = ?)
	bind => [2]
[EL Fine]: sql: 2025-08-18 20:44:57.219--ClientSession(1403495948)--Connection(1428664849)--Thread(Thread[#3,main,5,main])--DELETE FROM TB_CLIENTE WHERE (ID_USUARIO = ?)
	bind => [2]
[EL Fine]: sql: 2025-08-18 20:44:57.225--ClientSession(1403495948)--Connection(1428664849)--Thread(Thread[#3,main,5,main])--DELETE FROM TB_USUARIO WHERE (ID = ?)
	bind => [2]
[EL Fine]: sql: 2025-08-18 20:44:57.231--ClientSession(1403495948)--Connection(1428664849)--Thread(Thread[#3,main,5,main])--DELETE FROM TB_PEDIDO WHERE (ID = ?)
	bind => [2]
[EL Fine]: sql: 2025-08-18 20:44:57.236--ClientSession(1403495948)--Connection(1428664849)--Thread(Thread[#3,main,5,main])--SELECT t0.ID, t0.DISC_USUARIO, t0.TXT_CPF, t0.TXT_EMAIL, t0.TXT_LOGIN, t0.TXT_NOME, t0.TXT_SENHA, t0.END_TXT_BAIRRO, t0.END_TXT_CEP, t0.END_TXT_CIDADE, t0.END_TXT_COMPLEMENTO, t0.END_TXT_ESTADO, t0.END_TXT_LOGRADOURO, t0.END_NUMERO, t1.ID_USUARIO, t1.ID_PEDIDO FROM TB_USUARIO t0, TB_CLIENTE t1 WHERE ((t0.ID = ?) AND ((t1.ID_USUARIO = t0.ID) AND (t0.DISC_USUARIO = ?)))
	bind => [2, Cliente]
]]></system-out>
    <system-err><![CDATA[ago. 18, 2025 8:44:57 PM exemplo.jpa.teste.ClienteTeste EremoveCliente
INFORMAÇÕES: Executando removeCliente()
]]></system-err>
  </testcase>
  <testcase name="ApersistirFornecedor" classname="exemplo.jpa.teste.FornecedorTeste" time="0.087">
    <system-out><![CDATA[[EL Fine]: connection: 2025-08-18 20:44:57.24--ServerSession(1521132614)--Connection(1428664849)--Thread(Thread[#3,main,5,main])--disconnect
[EL Fine]: connection: 2025-08-18 20:44:57.241--ServerSession(1521132614)--Thread(Thread[#3,main,5,main])--/file:/home/rafael/Documentos/projetos/faculdade/desenvolvimento-corporativo/projeto-semestre/target/classes/_projeto-semestre logout successful
[EL Fine]: connection: 2025-08-18 20:44:57.241--ServerSession(1521132614)--Connection(1183701566)--Thread(Thread[#3,main,5,main])--disconnect
[EL Fine]: moxy: 2025-08-18 20:44:57.243--Thread(Thread[#3,main,5,main])--SAXParserFactory instance: com.sun.org.apache.xerces.internal.jaxp.SAXParserFactoryImpl@169268a7
[EL Fine]: server: 2025-08-18 20:44:57.247--Thread(Thread[#3,main,5,main])--Configured server platform: org.eclipse.persistence.platform.server.NoServerPlatform
[EL Config]: metadata: 2025-08-18 20:44:57.259--ServerSession(677144856)--Thread(Thread[#3,main,5,main])--The access type for the persistent class [class exemplo.jpa.Usuario] is set to [FIELD].
[EL Config]: metadata: 2025-08-18 20:44:57.262--ServerSession(677144856)--Thread(Thread[#3,main,5,main])--The target class (reference) class for the element collection mapping element [field telefones] is being defaulted to: class java.lang.String.
[EL Config]: metadata: 2025-08-18 20:44:57.263--ServerSession(677144856)--Thread(Thread[#3,main,5,main])--The access type for the persistent class [class exemplo.jpa.Cliente] is set to [FIELD].
[EL Config]: metadata: 2025-08-18 20:44:57.264--ServerSession(677144856)--Thread(Thread[#3,main,5,main])--The target entity (reference) class for the one to many mapping element [field imagens] is being defaulted to: class exemplo.jpa.Imagem.
[EL Config]: metadata: 2025-08-18 20:44:57.264--ServerSession(677144856)--Thread(Thread[#3,main,5,main])--The target entity (reference) class for the one to one mapping element [field pedido] is being defaulted to: class exemplo.jpa.Pedido.
[EL Config]: metadata: 2025-08-18 20:44:57.265--ServerSession(677144856)--Thread(Thread[#3,main,5,main])--The access type for the persistent class [class exemplo.jpa.Imagem] is set to [FIELD].
[EL Config]: metadata: 2025-08-18 20:44:57.265--ServerSession(677144856)--Thread(Thread[#3,main,5,main])--The target entity (reference) class for the many to one mapping element [field cliente] is being defaulted to: class exemplo.jpa.Cliente.
[EL Config]: metadata: 2025-08-18 20:44:57.265--ServerSession(677144856)--Thread(Thread[#3,main,5,main])--The access type for the persistent class [class exemplo.jpa.Fornecedor] is set to [FIELD].
[EL Config]: metadata: 2025-08-18 20:44:57.266--ServerSession(677144856)--Thread(Thread[#3,main,5,main])--The target entity (reference) class for the many to many mapping element [field servicos] is being defaulted to: class exemplo.jpa.Servico.
[EL Config]: metadata: 2025-08-18 20:44:57.266--ServerSession(677144856)--Thread(Thread[#3,main,5,main])--The access type for the persistent class [class exemplo.jpa.Pedido] is set to [FIELD].
[EL Config]: metadata: 2025-08-18 20:44:57.266--ServerSession(677144856)--Thread(Thread[#3,main,5,main])--The target entity (reference) class for the one to one mapping element [field cliente] is being defaulted to: class exemplo.jpa.Cliente.
[EL Config]: metadata: 2025-08-18 20:44:57.267--ServerSession(677144856)--Thread(Thread[#3,main,5,main])--The access type for the persistent class [class exemplo.jpa.Servico] is set to [FIELD].
[EL Config]: metadata: 2025-08-18 20:44:57.267--ServerSession(677144856)--Thread(Thread[#3,main,5,main])--The target entity (reference) class for the many to many mapping element [field fornecedores] is being defaulted to: class exemplo.jpa.Fornecedor.
[EL Config]: metadata: 2025-08-18 20:44:57.268--ServerSession(677144856)--Thread(Thread[#3,main,5,main])--The access type for the persistent class [class exemplo.jpa.Endereco] is set to [FIELD].
[EL Config]: metadata: 2025-08-18 20:44:57.269--ServerSession(677144856)--Thread(Thread[#3,main,5,main])--The alias name for the entity class [class exemplo.jpa.Cliente] is being defaulted to: Cliente.
[EL Config]: metadata: 2025-08-18 20:44:57.269--ServerSession(677144856)--Thread(Thread[#3,main,5,main])--The alias name for the entity class [class exemplo.jpa.Usuario] is being defaulted to: Usuario.
[EL Config]: metadata: 2025-08-18 20:44:57.271--ServerSession(677144856)--Thread(Thread[#3,main,5,main])--The alias name for the entity class [class exemplo.jpa.Imagem] is being defaulted to: Imagem.
[EL Config]: metadata: 2025-08-18 20:44:57.272--ServerSession(677144856)--Thread(Thread[#3,main,5,main])--The alias name for the entity class [class exemplo.jpa.Fornecedor] is being defaulted to: Fornecedor.
[EL Config]: metadata: 2025-08-18 20:44:57.272--ServerSession(677144856)--Thread(Thread[#3,main,5,main])--The alias name for the entity class [class exemplo.jpa.Pedido] is being defaulted to: Pedido.
[EL Config]: metadata: 2025-08-18 20:44:57.273--ServerSession(677144856)--Thread(Thread[#3,main,5,main])--The alias name for the entity class [class exemplo.jpa.Servico] is being defaulted to: Servico.
[EL Config]: metadata: 2025-08-18 20:44:57.273--ServerSession(677144856)--Thread(Thread[#3,main,5,main])--The primary key column name for the mapping element [field telefones] is being defaulted to: ID.
[EL Config]: metadata: 2025-08-18 20:44:57.275--ServerSession(677144856)--Thread(Thread[#3,main,5,main])--The primary key column name for the mapping element [field cliente] is being defaulted to: ID.
[EL Config]: metadata: 2025-08-18 20:44:57.275--ServerSession(677144856)--Thread(Thread[#3,main,5,main])--The source primary key column name for the many to many mapping [field servicos] is being defaulted to: ID.
[EL Config]: metadata: 2025-08-18 20:44:57.275--ServerSession(677144856)--Thread(Thread[#3,main,5,main])--The target primary key column name for the many to many mapping [field servicos] is being defaulted to: ID.
[EL Info]: 2025-08-18 20:44:57.303--ServerSession(677144856)--Thread(Thread[#3,main,5,main])--EclipseLink, version: Eclipse Persistence Services - 4.0.4.v202407190748-059428cdd2583c46f1f3e50d235854840a6fa9a7
[EL Fine]: connection: 2025-08-18 20:44:57.303--ServerSession(677144856)--Connection(761197720)--Thread(Thread[#3,main,5,main])--connecting(DatabaseLogin(
	platform=>DerbyPlatform
	user name=> "app"
	datasource URL=> "jdbc:derby://localhost:1527/projeto-semestre;create=true"
))
[EL Config]: connection: 2025-08-18 20:44:57.307--ServerSession(677144856)--Connection(157201184)--Thread(Thread[#3,main,5,main])--Connected: jdbc:derby://localhost:1527/projeto-semestre;create=true
	User: app
	Database: Apache Derby  Version: 10.17.1.0 - (1913217)
	Driver: Apache Derby Network Client JDBC Driver  Version: 10.16.1.1 - (1901046)
[EL Warning]: metadata: 2025-08-18 20:44:57.307--ServerSession(677144856)--Thread(Thread[#3,main,5,main])--Reverting the lazy setting on the OneToOne or ManyToOne attribute [pedido] for the entity class [class exemplo.jpa.Cliente] since weaving was not enabled or did not occur.
[EL Fine]: connection: 2025-08-18 20:44:57.313--ServerSession(677144856)--Thread(Thread[#3,main,5,main])--/file:/home/rafael/Documentos/projetos/faculdade/desenvolvimento-corporativo/projeto-semestre/target/classes/_projeto-semestre login successful
[EL Fine]: sql: 2025-08-18 20:44:57.315--ServerSession(677144856)--Connection(157201184)--Thread(Thread[#3,main,5,main])--ALTER TABLE TB_CLIENTE DROP CONSTRAINT TBCLIENTEIDUSUARIO
[EL Fine]: sql: 2025-08-18 20:44:57.329--ServerSession(677144856)--Connection(157201184)--Thread(Thread[#3,main,5,main])--ALTER TABLE TB_CLIENTE DROP CONSTRAINT TBCLIENTEID_PEDIDO
[EL Fine]: sql: 2025-08-18 20:44:57.343--ServerSession(677144856)--Connection(157201184)--Thread(Thread[#3,main,5,main])--ALTER TABLE TB_IMAGEM DROP CONSTRAINT TBIMAGEMID_USUARIO
[EL Fine]: sql: 2025-08-18 20:44:57.355--ServerSession(677144856)--Connection(157201184)--Thread(Thread[#3,main,5,main])--ALTER TABLE TB_FORNECEDOR DROP CONSTRAINT TBFRNECEDORDSUARIO
[EL Fine]: sql: 2025-08-18 20:44:57.361--ServerSession(677144856)--Connection(157201184)--Thread(Thread[#3,main,5,main])--ALTER TABLE TB_USUARIO_SERVICO DROP CONSTRAINT TBSRIOSERVICODSRIO
[EL Fine]: sql: 2025-08-18 20:44:57.376--ServerSession(677144856)--Connection(157201184)--Thread(Thread[#3,main,5,main])--ALTER TABLE TB_USUARIO_SERVICO DROP CONSTRAINT TBSROSERVICODSRVCO
[EL Fine]: sql: 2025-08-18 20:44:57.389--ServerSession(677144856)--Connection(157201184)--Thread(Thread[#3,main,5,main])--ALTER TABLE TB_TELEFONE DROP CONSTRAINT TBTELEFONEDUSUARIO
[EL Fine]: sql: 2025-08-18 20:44:57.403--ServerSession(677144856)--Connection(157201184)--Thread(Thread[#3,main,5,main])--DROP TABLE TB_USUARIO
[EL Fine]: sql: 2025-08-18 20:44:57.439--ServerSession(677144856)--Connection(157201184)--Thread(Thread[#3,main,5,main])--DROP TABLE TB_CLIENTE
[EL Fine]: sql: 2025-08-18 20:44:57.457--ServerSession(677144856)--Connection(157201184)--Thread(Thread[#3,main,5,main])--DROP TABLE TB_IMAGEM
[EL Fine]: sql: 2025-08-18 20:44:57.478--ServerSession(677144856)--Connection(157201184)--Thread(Thread[#3,main,5,main])--DROP TABLE TB_FORNECEDOR
[EL Fine]: sql: 2025-08-18 20:44:57.496--ServerSession(677144856)--Connection(157201184)--Thread(Thread[#3,main,5,main])--DROP TABLE TB_PEDIDO
[EL Fine]: sql: 2025-08-18 20:44:57.516--ServerSession(677144856)--Connection(157201184)--Thread(Thread[#3,main,5,main])--DROP TABLE TB_SERVICO
[EL Fine]: sql: 2025-08-18 20:44:57.536--ServerSession(677144856)--Connection(157201184)--Thread(Thread[#3,main,5,main])--DROP TABLE TB_USUARIO_SERVICO
[EL Fine]: sql: 2025-08-18 20:44:57.554--ServerSession(677144856)--Connection(157201184)--Thread(Thread[#3,main,5,main])--DROP TABLE TB_TELEFONE
[EL Fine]: sql: 2025-08-18 20:44:57.575--ServerSession(677144856)--Connection(157201184)--Thread(Thread[#3,main,5,main])--CREATE TABLE TB_USUARIO (ID BIGINT GENERATED BY DEFAULT AS IDENTITY NOT NULL, DISC_USUARIO VARCHAR(10), TXT_CPF VARCHAR(14) NOT NULL UNIQUE, TXT_EMAIL VARCHAR(50) NOT NULL, TXT_LOGIN VARCHAR(50) NOT NULL UNIQUE, TXT_NOME VARCHAR(255) NOT NULL, TXT_SENHA VARCHAR(20) NOT NULL, END_TXT_BAIRRO VARCHAR(150) NOT NULL, END_TXT_CEP VARCHAR(20) NOT NULL, END_TXT_CIDADE VARCHAR(50) NOT NULL, END_TXT_COMPLEMENTO VARCHAR(30), END_TXT_ESTADO VARCHAR(50) NOT NULL, END_TXT_LOGRADOURO VARCHAR(150) NOT NULL, END_NUMERO INTEGER NOT NULL, PRIMARY KEY (ID))
[EL Fine]: sql: 2025-08-18 20:44:57.624--ServerSession(677144856)--Connection(157201184)--Thread(Thread[#3,main,5,main])--CREATE TABLE TB_CLIENTE (ID_USUARIO BIGINT NOT NULL, ID_PEDIDO BIGINT, PRIMARY KEY (ID_USUARIO))
[EL Fine]: sql: 2025-08-18 20:44:57.657--ServerSession(677144856)--Connection(157201184)--Thread(Thread[#3,main,5,main])--CREATE TABLE TB_IMAGEM (ID BIGINT GENERATED BY DEFAULT AS IDENTITY NOT NULL, BYTE_IMAGE BLOB(2147483647) NOT NULL, ID_USUARIO BIGINT, PRIMARY KEY (ID))
[EL Fine]: sql: 2025-08-18 20:44:57.68--ServerSession(677144856)--Connection(157201184)--Thread(Thread[#3,main,5,main])--CREATE TABLE TB_FORNECEDOR (ID_USUARIO BIGINT NOT NULL, PRIMARY KEY (ID_USUARIO))
[EL Fine]: sql: 2025-08-18 20:44:57.701--ServerSession(677144856)--Connection(157201184)--Thread(Thread[#3,main,5,main])--CREATE TABLE TB_PEDIDO (ID BIGINT GENERATED BY DEFAULT AS IDENTITY NOT NULL, DT_PEDIDO DATE NOT NULL, TXT_TIPO_PAGAMENTO VARCHAR(20) NOT NULL, PRIMARY KEY (ID))
[EL Fine]: sql: 2025-08-18 20:44:57.723--ServerSession(677144856)--Connection(157201184)--Thread(Thread[#3,main,5,main])--CREATE TABLE TB_SERVICO (ID BIGINT GENERATED BY DEFAULT AS IDENTITY NOT NULL, TXT_NOME VARCHAR(50) NOT NULL, TXT_PRECO FLOAT NOT NULL, TXT_TIPO VARCHAR(50) NOT NULL, PRIMARY KEY (ID))
[EL Fine]: sql: 2025-08-18 20:44:57.751--ServerSession(677144856)--Connection(157201184)--Thread(Thread[#3,main,5,main])--CREATE TABLE TB_USUARIO_SERVICO (ID_USUARIO BIGINT NOT NULL, ID_SERVICO BIGINT NOT NULL, PRIMARY KEY (ID_USUARIO, ID_SERVICO))
[EL Fine]: sql: 2025-08-18 20:44:57.775--ServerSession(677144856)--Connection(157201184)--Thread(Thread[#3,main,5,main])--CREATE TABLE TB_TELEFONE (ID_USUARIO BIGINT NOT NULL, TXT_NUM_TELEFONE VARCHAR(20) NOT NULL)
[EL Fine]: sql: 2025-08-18 20:44:57.786--ServerSession(677144856)--Connection(157201184)--Thread(Thread[#3,main,5,main])--ALTER TABLE TB_CLIENTE ADD CONSTRAINT TBCLIENTEIDUSUARIO FOREIGN KEY (ID_USUARIO) REFERENCES TB_USUARIO (ID)
[EL Fine]: sql: 2025-08-18 20:44:57.792--ServerSession(677144856)--Connection(157201184)--Thread(Thread[#3,main,5,main])--ALTER TABLE TB_CLIENTE ADD CONSTRAINT TBCLIENTEID_PEDIDO FOREIGN KEY (ID_PEDIDO) REFERENCES TB_PEDIDO (ID)
[EL Fine]: sql: 2025-08-18 20:44:57.807--ServerSession(677144856)--Connection(157201184)--Thread(Thread[#3,main,5,main])--ALTER TABLE TB_IMAGEM ADD CONSTRAINT TBIMAGEMID_USUARIO FOREIGN KEY (ID_USUARIO) REFERENCES TB_USUARIO (ID)
[EL Fine]: sql: 2025-08-18 20:44:57.821--ServerSession(677144856)--Connection(157201184)--Thread(Thread[#3,main,5,main])--ALTER TABLE TB_FORNECEDOR ADD CONSTRAINT TBFRNECEDORDSUARIO FOREIGN KEY (ID_USUARIO) REFERENCES TB_USUARIO (ID)
[EL Fine]: sql: 2025-08-18 20:44:57.827--ServerSession(677144856)--Connection(157201184)--Thread(Thread[#3,main,5,main])--ALTER TABLE TB_USUARIO_SERVICO ADD CONSTRAINT TBSRIOSERVICODSRIO FOREIGN KEY (ID_USUARIO) REFERENCES TB_USUARIO (ID)
[EL Fine]: sql: 2025-08-18 20:44:57.845--ServerSession(677144856)--Connection(157201184)--Thread(Thread[#3,main,5,main])--ALTER TABLE TB_USUARIO_SERVICO ADD CONSTRAINT TBSROSERVICODSRVCO FOREIGN KEY (ID_SERVICO) REFERENCES TB_SERVICO (ID)
[EL Fine]: sql: 2025-08-18 20:44:57.861--ServerSession(677144856)--Connection(157201184)--Thread(Thread[#3,main,5,main])--ALTER TABLE TB_TELEFONE ADD CONSTRAINT TBTELEFONEDUSUARIO FOREIGN KEY (ID_USUARIO) REFERENCES TB_USUARIO (ID)
[EL Fine]: sql: 2025-08-18 20:44:58.335--ClientSession(797313059)--Connection(157201184)--Thread(Thread[#3,main,5,main])--INSERT INTO TB_USUARIO (TXT_CPF, TXT_EMAIL, TXT_LOGIN, TXT_NOME, TXT_SENHA, END_TXT_BAIRRO, END_TXT_CEP, END_TXT_CIDADE, END_TXT_COMPLEMENTO, END_TXT_ESTADO, END_TXT_LOGRADOURO, END_NUMERO, DISC_USUARIO) VALUES (?, ?, ?, ?, ?, ?, ?, ?, ?, ?, ?, ?, ?)
	bind => [152.792.090-90, fulano@gmail.com, fulano, Fulano da silva, Teste@123, Iputinga, 50.690-220, Recife, null, PE, Rua Iolanda Rodrigues Sobral, 550, Fornecedor]
[EL Fine]: sql: 2025-08-18 20:44:58.343--ClientSession(797313059)--Connection(157201184)--Thread(Thread[#3,main,5,main])--INSERT INTO TB_SERVICO (TXT_NOME, TXT_PRECO, TXT_TIPO) VALUES (?, ?, ?)
	bind => [Passagem, 301.2, Físico]
[EL Fine]: sql: 2025-08-18 20:44:58.347--ClientSession(797313059)--Connection(157201184)--Thread(Thread[#3,main,5,main])--INSERT INTO TB_FORNECEDOR (ID_USUARIO) VALUES (?)
	bind => [18]
[EL Fine]: sql: 2025-08-18 20:44:58.35--ClientSession(797313059)--Connection(157201184)--Thread(Thread[#3,main,5,main])--INSERT INTO TB_TELEFONE (ID_USUARIO, TXT_NUM_TELEFONE) VALUES (?, ?)
	bind => [18, 888884325]
[EL Fine]: sql: 2025-08-18 20:44:58.353--ClientSession(797313059)--Connection(157201184)--Thread(Thread[#3,main,5,main])--INSERT INTO TB_USUARIO_SERVICO (ID_SERVICO, ID_USUARIO) VALUES (?, ?)
	bind => [12, 18]
]]></system-out>
  </testcase>
  <testcase name="BconsultarFornecedor" classname="exemplo.jpa.teste.FornecedorTeste" time="0.024">
    <system-out><![CDATA[[EL Fine]: sql: 2025-08-18 20:44:58.363--ServerSession(677144856)--Connection(157201184)--Thread(Thread[#3,main,5,main])--SELECT t0.ID, t0.DISC_USUARIO, t0.TXT_CPF, t0.TXT_EMAIL, t0.TXT_LOGIN, t0.TXT_NOME, t0.TXT_SENHA, t0.END_TXT_BAIRRO, t0.END_TXT_CEP, t0.END_TXT_CIDADE, t0.END_TXT_COMPLEMENTO, t0.END_TXT_ESTADO, t0.END_TXT_LOGRADOURO, t0.END_NUMERO, t1.ID_USUARIO FROM TB_USUARIO t0, TB_FORNECEDOR t1 WHERE ((t0.ID = ?) AND ((t1.ID_USUARIO = t0.ID) AND (t0.DISC_USUARIO = ?)))
	bind => [3, Fornecedor]
[EL Fine]: sql: 2025-08-18 20:44:58.374--ServerSession(677144856)--Connection(157201184)--Thread(Thread[#3,main,5,main])--SELECT t1.ID, t1.TXT_NOME, t1.TXT_PRECO, t1.TXT_TIPO FROM TB_USUARIO_SERVICO t0, TB_SERVICO t1 WHERE ((t0.ID_USUARIO = ?) AND (t1.ID = t0.ID_SERVICO))
	bind => [3]
[EL Fine]: sql: 2025-08-18 20:44:58.381--ServerSession(677144856)--Connection(157201184)--Thread(Thread[#3,main,5,main])--SELECT t0.TXT_NUM_TELEFONE FROM TB_TELEFONE t0 WHERE (t0.ID_USUARIO = ?)
	bind => [3]
]]></system-out>
  </testcase>
  <testcase name="CatualizaFornecedor" classname="exemplo.jpa.teste.FornecedorTeste" time="0.02">
    <system-out><![CDATA[[EL Fine]: sql: 2025-08-18 20:44:58.388--ServerSession(677144856)--Connection(157201184)--Thread(Thread[#3,main,5,main])--SELECT t0.ID, t0.DISC_USUARIO, t0.TXT_CPF, t0.TXT_EMAIL, t0.TXT_LOGIN, t0.TXT_NOME, t0.TXT_SENHA, t0.END_TXT_BAIRRO, t0.END_TXT_CEP, t0.END_TXT_CIDADE, t0.END_TXT_COMPLEMENTO, t0.END_TXT_ESTADO, t0.END_TXT_LOGRADOURO, t0.END_NUMERO, t1.ID_USUARIO FROM TB_USUARIO t0, TB_FORNECEDOR t1 WHERE ((t0.ID = ?) AND ((t1.ID_USUARIO = t0.ID) AND (t0.DISC_USUARIO = ?)))
	bind => [3, Fornecedor]
[EL Fine]: sql: 2025-08-18 20:44:58.395--ClientSession(955743449)--Connection(157201184)--Thread(Thread[#3,main,5,main])--UPDATE TB_USUARIO SET TXT_SENHA = ?, END_TXT_CEP = ? WHERE (ID = ?)
	bind => [Nova@123, 69.000-001, 3]
[EL Fine]: sql: 2025-08-18 20:44:58.401--ClientSession(955743449)--Connection(157201184)--Thread(Thread[#3,main,5,main])--SELECT t0.ID, t0.DISC_USUARIO, t0.TXT_CPF, t0.TXT_EMAIL, t0.TXT_LOGIN, t0.TXT_NOME, t0.TXT_SENHA, t0.END_TXT_BAIRRO, t0.END_TXT_CEP, t0.END_TXT_CIDADE, t0.END_TXT_COMPLEMENTO, t0.END_TXT_ESTADO, t0.END_TXT_LOGRADOURO, t0.END_NUMERO, t1.ID_USUARIO FROM TB_USUARIO t0, TB_FORNECEDOR t1 WHERE ((t0.ID = ?) AND ((t1.ID_USUARIO = t0.ID) AND (t0.DISC_USUARIO = ?)))
	bind => [3, Fornecedor]
]]></system-out>
    <system-err><![CDATA[ago. 18, 2025 8:44:58 PM exemplo.jpa.teste.FornecedorTeste CatualizaFornecedor
INFORMAÇÕES: Executando atualizaFornecedor()
]]></system-err>
  </testcase>
  <testcase name="DatualizaFornecedorMerge" classname="exemplo.jpa.teste.FornecedorTeste" time="0.023">
    <system-out><![CDATA[[EL Fine]: sql: 2025-08-18 20:44:58.407--ServerSession(677144856)--Connection(157201184)--Thread(Thread[#3,main,5,main])--SELECT t0.ID, t0.DISC_USUARIO, t0.TXT_CPF, t0.TXT_EMAIL, t0.TXT_LOGIN, t0.TXT_NOME, t0.TXT_SENHA, t0.END_TXT_BAIRRO, t0.END_TXT_CEP, t0.END_TXT_CIDADE, t0.END_TXT_COMPLEMENTO, t0.END_TXT_ESTADO, t0.END_TXT_LOGRADOURO, t0.END_NUMERO, t1.ID_USUARIO FROM TB_USUARIO t0, TB_FORNECEDOR t1 WHERE ((t0.ID = ?) AND ((t1.ID_USUARIO = t0.ID) AND (t0.DISC_USUARIO = ?)))
	bind => [3, Fornecedor]
[EL Fine]: sql: 2025-08-18 20:44:58.41--ServerSession(677144856)--Connection(157201184)--Thread(Thread[#3,main,5,main])--SELECT t0.ID, t0.DISC_USUARIO, t0.TXT_CPF, t0.TXT_EMAIL, t0.TXT_LOGIN, t0.TXT_NOME, t0.TXT_SENHA, t0.END_TXT_BAIRRO, t0.END_TXT_CEP, t0.END_TXT_CIDADE, t0.END_TXT_COMPLEMENTO, t0.END_TXT_ESTADO, t0.END_TXT_LOGRADOURO, t0.END_NUMERO, t1.ID_USUARIO FROM TB_USUARIO t0, TB_FORNECEDOR t1 WHERE ((t0.ID = ?) AND ((t1.ID_USUARIO = t0.ID) AND (t0.DISC_USUARIO = ?)))
	bind => [3, Fornecedor]
[EL Fine]: sql: 2025-08-18 20:44:58.416--ClientSession(94354228)--Connection(157201184)--Thread(Thread[#3,main,5,main])--UPDATE TB_USUARIO SET TXT_EMAIL = ? WHERE (ID = ?)
	bind => [daniel-ferreira@email.com, 3]
[EL Fine]: sql: 2025-08-18 20:44:58.423--ClientSession(94354228)--Connection(157201184)--Thread(Thread[#3,main,5,main])--SELECT t0.ID, t0.DISC_USUARIO, t0.TXT_CPF, t0.TXT_EMAIL, t0.TXT_LOGIN, t0.TXT_NOME, t0.TXT_SENHA, t0.END_TXT_BAIRRO, t0.END_TXT_CEP, t0.END_TXT_CIDADE, t0.END_TXT_COMPLEMENTO, t0.END_TXT_ESTADO, t0.END_TXT_LOGRADOURO, t0.END_NUMERO, t1.ID_USUARIO FROM TB_USUARIO t0, TB_FORNECEDOR t1 WHERE ((t0.ID = ?) AND ((t1.ID_USUARIO = t0.ID) AND (t0.DISC_USUARIO = ?)))
	bind => [3, Fornecedor]
]]></system-out>
    <system-err><![CDATA[ago. 18, 2025 8:44:58 PM exemplo.jpa.teste.FornecedorTeste DatualizaFornecedorMerge
INFORMAÇÕES: Executando atualizaFornecedorMerge()
]]></system-err>
  </testcase>
  <testcase name="EremoveFornecedor" classname="exemplo.jpa.teste.FornecedorTeste" time="0.036">
    <system-out><![CDATA[[EL Fine]: sql: 2025-08-18 20:44:58.43--ServerSession(677144856)--Connection(157201184)--Thread(Thread[#3,main,5,main])--SELECT t0.ID, t0.DISC_USUARIO, t0.TXT_CPF, t0.TXT_EMAIL, t0.TXT_LOGIN, t0.TXT_NOME, t0.TXT_SENHA, t0.END_TXT_BAIRRO, t0.END_TXT_CEP, t0.END_TXT_CIDADE, t0.END_TXT_COMPLEMENTO, t0.END_TXT_ESTADO, t0.END_TXT_LOGRADOURO, t0.END_NUMERO, t1.ID_USUARIO FROM TB_USUARIO t0, TB_FORNECEDOR t1 WHERE ((t0.ID = ?) AND ((t1.ID_USUARIO = t0.ID) AND (t0.DISC_USUARIO = ?)))
	bind => [4, Fornecedor]
[EL Fine]: sql: 2025-08-18 20:44:58.432--ServerSession(677144856)--Connection(157201184)--Thread(Thread[#3,main,5,main])--SELECT t1.ID, t1.TXT_NOME, t1.TXT_PRECO, t1.TXT_TIPO FROM TB_USUARIO_SERVICO t0, TB_SERVICO t1 WHERE ((t0.ID_USUARIO = ?) AND (t1.ID = t0.ID_SERVICO))
	bind => [4]
[EL Fine]: sql: 2025-08-18 20:44:58.435--ClientSession(1948689480)--Connection(157201184)--Thread(Thread[#3,main,5,main])--DELETE FROM TB_USUARIO_SERVICO WHERE (ID_SERVICO = ?)
	bind => [2]
[EL Fine]: sql: 2025-08-18 20:44:58.44--ClientSession(1948689480)--Connection(157201184)--Thread(Thread[#3,main,5,main])--DELETE FROM TB_USUARIO_SERVICO WHERE (ID_USUARIO = ?)
	bind => [4]
[EL Fine]: sql: 2025-08-18 20:44:58.443--ClientSession(1948689480)--Connection(157201184)--Thread(Thread[#3,main,5,main])--DELETE FROM TB_USUARIO_SERVICO WHERE (ID_SERVICO = ?)
	bind => [3]
[EL Fine]: sql: 2025-08-18 20:44:58.445--ClientSession(1948689480)--Connection(157201184)--Thread(Thread[#3,main,5,main])--DELETE FROM TB_SERVICO WHERE (ID = ?)
	bind => [2]
[EL Fine]: sql: 2025-08-18 20:44:58.449--ClientSession(1948689480)--Connection(157201184)--Thread(Thread[#3,main,5,main])--DELETE FROM TB_SERVICO WHERE (ID = ?)
	bind => [3]
[EL Fine]: sql: 2025-08-18 20:44:58.45--ClientSession(1948689480)--Connection(157201184)--Thread(Thread[#3,main,5,main])--DELETE FROM TB_TELEFONE WHERE (ID_USUARIO = ?)
	bind => [4]
[EL Fine]: sql: 2025-08-18 20:44:58.453--ClientSession(1948689480)--Connection(157201184)--Thread(Thread[#3,main,5,main])--DELETE FROM TB_FORNECEDOR WHERE (ID_USUARIO = ?)
	bind => [4]
[EL Fine]: sql: 2025-08-18 20:44:58.457--ClientSession(1948689480)--Connection(157201184)--Thread(Thread[#3,main,5,main])--DELETE FROM TB_USUARIO WHERE (ID = ?)
	bind => [4]
[EL Fine]: sql: 2025-08-18 20:44:58.462--ClientSession(1948689480)--Connection(157201184)--Thread(Thread[#3,main,5,main])--SELECT t0.ID, t0.DISC_USUARIO, t0.TXT_CPF, t0.TXT_EMAIL, t0.TXT_LOGIN, t0.TXT_NOME, t0.TXT_SENHA, t0.END_TXT_BAIRRO, t0.END_TXT_CEP, t0.END_TXT_CIDADE, t0.END_TXT_COMPLEMENTO, t0.END_TXT_ESTADO, t0.END_TXT_LOGRADOURO, t0.END_NUMERO, t1.ID_USUARIO FROM TB_USUARIO t0, TB_FORNECEDOR t1 WHERE ((t0.ID = ?) AND ((t1.ID_USUARIO = t0.ID) AND (t0.DISC_USUARIO = ?)))
	bind => [4, Fornecedor]
]]></system-out>
    <system-err><![CDATA[ago. 18, 2025 8:44:58 PM exemplo.jpa.teste.FornecedorTeste EremoveFornecedor
INFORMAÇÕES: Executando removeCliente()
]]></system-err>
  </testcase>
</testsuite>