<?xml version="1.0" encoding="UTF-8"?>
<testsuite xmlns:xsi="http://www.w3.org/2001/XMLSchema-instance" xsi:noNamespaceSchemaLocation="https://maven.apache.org/surefire/maven-surefire-plugin/xsd/surefire-test-report-3.0.xsd" version="3.0" name="exemplo.jpa.teste.jpqltests.FornecedoresTests" time="0.759" tests="1" errors="1" skipped="0" failures="0">
  <properties>
[...]
</properties>
  <testcase name="" classname="exemplo.jpa.teste.jpqltests.FornecedoresTests" time="0.755">
    <error message="Exception processing table name=&apos;TB_TELEFONE&apos;" type="java.lang.RuntimeException"><![CDATA[java.lang.RuntimeException: Exception processing table name='TB_TELEFONE'
	at exemplo.jpa.teste.DbUnitUtil.inserirDados(DbUnitUtil.java:49)
	at exemplo.jpa.teste.jpqltests.GenericTest.setUpClass(GenericTest.java:38)
	at java.base/jdk.internal.reflect.DirectMethodHandleAccessor.invoke(DirectMethodHandleAccessor.java:104)
	at java.base/java.lang.reflect.Method.invoke(Method.java:565)
	at org.junit.runners.model.FrameworkMethod$1.runReflectiveCall(FrameworkMethod.java:59)
	at org.junit.internal.runners.model.ReflectiveCallable.run(ReflectiveCallable.java:12)
	at org.junit.runners.model.FrameworkMethod.invokeExplosively(FrameworkMethod.java:56)
	at org.junit.internal.runners.statements.RunBefores.invokeMethod(RunBefores.java:33)
	at org.junit.internal.runners.statements.RunBefores.evaluate(RunBefores.java:24)
	at org.junit.internal.runners.statements.RunAfters.evaluate(RunAfters.java:27)
	at org.junit.runners.ParentRunner$3.evaluate(ParentRunner.java:306)
	at org.junit.runners.ParentRunner.run(ParentRunner.java:413)
	at org.apache.maven.surefire.junit4.JUnit4Provider.execute(JUnit4Provider.java:316)
	at org.apache.maven.surefire.junit4.JUnit4Provider.executeWithRerun(JUnit4Provider.java:240)
	at org.apache.maven.surefire.junit4.JUnit4Provider.executeTestSet(JUnit4Provider.java:214)
	at org.apache.maven.surefire.junit4.JUnit4Provider.invoke(JUnit4Provider.java:155)
	at org.apache.maven.surefire.booter.ForkedBooter.runSuitesInProcess(ForkedBooter.java:385)
	at org.apache.maven.surefire.booter.ForkedBooter.execute(ForkedBooter.java:162)
	at org.apache.maven.surefire.booter.ForkedBooter.run(ForkedBooter.java:507)
	at org.apache.maven.surefire.booter.ForkedBooter.main(ForkedBooter.java:495)
Caused by: org.dbunit.DatabaseUnitException: Exception processing table name='TB_TELEFONE'
	at org.dbunit.operation.AbstractBatchOperation.execute(AbstractBatchOperation.java:240)
	at org.dbunit.operation.CompositeOperation.execute(CompositeOperation.java:79)
	at exemplo.jpa.teste.DbUnitUtil.inserirDados(DbUnitUtil.java:42)
	... 19 more
Caused by: org.apache.derby.shared.common.error.DerbySQLIntegrityConstraintViolationException: INSERT na tabela 'TB_TELEFONE' causou uma violação na restrição de chave estrangeira 'TBTELEFONEDUSUARIO' para a chave (2).  A instrução foi desfeita.
	at org.apache.derby.client.am.SQLExceptionFactory.getSQLException(SQLExceptionFactory.java:85)
	at org.apache.derby.client.am.SqlException.getSQLException(SqlException.java:325)
	at org.apache.derby.client.am.ClientPreparedStatement.execute(ClientPreparedStatement.java:1616)
	at org.dbunit.database.statement.SimplePreparedStatement.addBatch(SimplePreparedStatement.java:85)
	at org.dbunit.database.statement.AutomaticPreparedBatchStatement.addBatch(AutomaticPreparedBatchStatement.java:70)
	at org.dbunit.operation.AbstractBatchOperation.execute(AbstractBatchOperation.java:224)
	... 21 more
Caused by: ERROR 23503: INSERT na tabela 'TB_TELEFONE' causou uma violação na restrição de chave estrangeira 'TBTELEFONEDUSUARIO' para a chave (2).  A instrução foi desfeita.
	at org.apache.derby.client.am.ClientStatement.completeExecute(ClientStatement.java:1868)
	at org.apache.derby.client.net.NetStatementReply.parseEXCSQLSTTreply(NetStatementReply.java:323)
	at org.apache.derby.client.net.NetStatementReply.readExecute(NetStatementReply.java:72)
	at org.apache.derby.client.net.StatementReply.readExecute(StatementReply.java:59)
	at org.apache.derby.client.net.NetPreparedStatement.readExecute_(NetPreparedStatement.java:167)
	at org.apache.derby.client.am.ClientPreparedStatement.readExecute(ClientPreparedStatement.java:1844)
	at org.apache.derby.client.am.ClientPreparedStatement.flowExecute(ClientPreparedStatement.java:2133)
	at org.apache.derby.client.am.ClientPreparedStatement.executeX(ClientPreparedStatement.java:1622)
	at org.apache.derby.client.am.ClientPreparedStatement.execute(ClientPreparedStatement.java:1607)
	... 24 more
]]></error>
    <system-out><![CDATA[[EL Fine]: moxy: 2025-08-08 20:57:51.566--Thread(Thread[#3,main,5,main])--SAXParserFactory instance: com.sun.org.apache.xerces.internal.jaxp.SAXParserFactoryImpl@3961a41a
[EL Fine]: server: 2025-08-08 20:57:51.568--Thread(Thread[#3,main,5,main])--Configured server platform: org.eclipse.persistence.platform.server.NoServerPlatform
[EL Config]: metadata: 2025-08-08 20:57:51.58--ServerSession(1515116175)--Thread(Thread[#3,main,5,main])--The access type for the persistent class [class exemplo.jpa.Usuario] is set to [FIELD].
[EL Config]: metadata: 2025-08-08 20:57:51.583--ServerSession(1515116175)--Thread(Thread[#3,main,5,main])--The target class (reference) class for the element collection mapping element [field telefones] is being defaulted to: class java.lang.String.
[EL Config]: metadata: 2025-08-08 20:57:51.583--ServerSession(1515116175)--Thread(Thread[#3,main,5,main])--The access type for the persistent class [class exemplo.jpa.Cliente] is set to [FIELD].
[EL Config]: metadata: 2025-08-08 20:57:51.584--ServerSession(1515116175)--Thread(Thread[#3,main,5,main])--The target entity (reference) class for the one to many mapping element [field imagens] is being defaulted to: class exemplo.jpa.Imagem.
[EL Config]: metadata: 2025-08-08 20:57:51.584--ServerSession(1515116175)--Thread(Thread[#3,main,5,main])--The target entity (reference) class for the one to one mapping element [field pedido] is being defaulted to: class exemplo.jpa.Pedido.
[EL Config]: metadata: 2025-08-08 20:57:51.585--ServerSession(1515116175)--Thread(Thread[#3,main,5,main])--The access type for the persistent class [class exemplo.jpa.Imagem] is set to [FIELD].
[EL Config]: metadata: 2025-08-08 20:57:51.585--ServerSession(1515116175)--Thread(Thread[#3,main,5,main])--The target entity (reference) class for the many to one mapping element [field cliente] is being defaulted to: class exemplo.jpa.Cliente.
[EL Config]: metadata: 2025-08-08 20:57:51.586--ServerSession(1515116175)--Thread(Thread[#3,main,5,main])--The access type for the persistent class [class exemplo.jpa.Fornecedor] is set to [FIELD].
[EL Config]: metadata: 2025-08-08 20:57:51.586--ServerSession(1515116175)--Thread(Thread[#3,main,5,main])--The target entity (reference) class for the many to many mapping element [field servicos] is being defaulted to: class exemplo.jpa.Servico.
[EL Config]: metadata: 2025-08-08 20:57:51.586--ServerSession(1515116175)--Thread(Thread[#3,main,5,main])--The access type for the persistent class [class exemplo.jpa.Pedido] is set to [FIELD].
[EL Config]: metadata: 2025-08-08 20:57:51.586--ServerSession(1515116175)--Thread(Thread[#3,main,5,main])--The target entity (reference) class for the one to one mapping element [field cliente] is being defaulted to: class exemplo.jpa.Cliente.
[EL Config]: metadata: 2025-08-08 20:57:51.602--ServerSession(1515116175)--Thread(Thread[#3,main,5,main])--The access type for the persistent class [class exemplo.jpa.Servico] is set to [FIELD].
[EL Config]: metadata: 2025-08-08 20:57:51.603--ServerSession(1515116175)--Thread(Thread[#3,main,5,main])--The target entity (reference) class for the many to many mapping element [field fornecedores] is being defaulted to: class exemplo.jpa.Fornecedor.
[EL Config]: metadata: 2025-08-08 20:57:51.603--ServerSession(1515116175)--Thread(Thread[#3,main,5,main])--The access type for the persistent class [class exemplo.jpa.Endereco] is set to [FIELD].
[EL Config]: metadata: 2025-08-08 20:57:51.605--ServerSession(1515116175)--Thread(Thread[#3,main,5,main])--The alias name for the entity class [class exemplo.jpa.Cliente] is being defaulted to: Cliente.
[EL Config]: metadata: 2025-08-08 20:57:51.605--ServerSession(1515116175)--Thread(Thread[#3,main,5,main])--The alias name for the entity class [class exemplo.jpa.Usuario] is being defaulted to: Usuario.
[EL Config]: metadata: 2025-08-08 20:57:51.608--ServerSession(1515116175)--Thread(Thread[#3,main,5,main])--The alias name for the entity class [class exemplo.jpa.Imagem] is being defaulted to: Imagem.
[EL Config]: metadata: 2025-08-08 20:57:51.608--ServerSession(1515116175)--Thread(Thread[#3,main,5,main])--The alias name for the entity class [class exemplo.jpa.Fornecedor] is being defaulted to: Fornecedor.
[EL Config]: metadata: 2025-08-08 20:57:51.609--ServerSession(1515116175)--Thread(Thread[#3,main,5,main])--The alias name for the entity class [class exemplo.jpa.Pedido] is being defaulted to: Pedido.
[EL Config]: metadata: 2025-08-08 20:57:51.61--ServerSession(1515116175)--Thread(Thread[#3,main,5,main])--The alias name for the entity class [class exemplo.jpa.Servico] is being defaulted to: Servico.
[EL Config]: metadata: 2025-08-08 20:57:51.61--ServerSession(1515116175)--Thread(Thread[#3,main,5,main])--The primary key column name for the mapping element [field telefones] is being defaulted to: ID.
[EL Config]: metadata: 2025-08-08 20:57:51.611--ServerSession(1515116175)--Thread(Thread[#3,main,5,main])--The primary key column name for the mapping element [field cliente] is being defaulted to: ID.
[EL Config]: metadata: 2025-08-08 20:57:51.611--ServerSession(1515116175)--Thread(Thread[#3,main,5,main])--The source primary key column name for the many to many mapping [field servicos] is being defaulted to: ID.
[EL Config]: metadata: 2025-08-08 20:57:51.612--ServerSession(1515116175)--Thread(Thread[#3,main,5,main])--The target primary key column name for the many to many mapping [field servicos] is being defaulted to: ID.
[EL Info]: 2025-08-08 20:57:51.617--ServerSession(1515116175)--Thread(Thread[#3,main,5,main])--EclipseLink, version: Eclipse Persistence Services - 4.0.4.v202407190748-059428cdd2583c46f1f3e50d235854840a6fa9a7
[EL Fine]: connection: 2025-08-08 20:57:51.617--ServerSession(1515116175)--Connection(1731967318)--Thread(Thread[#3,main,5,main])--connecting(DatabaseLogin(
	platform=>DerbyPlatform
	user name=> "app"
	datasource URL=> "jdbc:derby://localhost:1527/projeto-semestre;create=true"
))
[EL Config]: connection: 2025-08-08 20:57:51.621--ServerSession(1515116175)--Connection(215478702)--Thread(Thread[#3,main,5,main])--Connected: jdbc:derby://localhost:1527/projeto-semestre;create=true
	User: app
	Database: Apache Derby  Version: 10.17.1.0 - (1913217)
	Driver: Apache Derby Network Client JDBC Driver  Version: 10.16.1.1 - (1901046)
[EL Warning]: metadata: 2025-08-08 20:57:51.623--ServerSession(1515116175)--Thread(Thread[#3,main,5,main])--Reverting the lazy setting on the OneToOne or ManyToOne attribute [pedido] for the entity class [class exemplo.jpa.Cliente] since weaving was not enabled or did not occur.
[EL Fine]: connection: 2025-08-08 20:57:51.628--ServerSession(1515116175)--Thread(Thread[#3,main,5,main])--/file:/home/rafael/Documentos/projetos/faculdade/desenvolvimento-corporativo/projeto-semestre/target/classes/_projeto-semestre login successful
[EL Fine]: sql: 2025-08-08 20:57:51.63--ServerSession(1515116175)--Connection(215478702)--Thread(Thread[#3,main,5,main])--ALTER TABLE TB_CLIENTE DROP CONSTRAINT TBCLIENTEIDUSUARIO
[EL Fine]: sql: 2025-08-08 20:57:51.636--ServerSession(1515116175)--Connection(215478702)--Thread(Thread[#3,main,5,main])--ALTER TABLE TB_CLIENTE DROP CONSTRAINT TBCLIENTEID_PEDIDO
[EL Fine]: sql: 2025-08-08 20:57:51.665--ServerSession(1515116175)--Connection(215478702)--Thread(Thread[#3,main,5,main])--ALTER TABLE TB_IMAGEM DROP CONSTRAINT TBIMAGEMID_USUARIO
[EL Fine]: sql: 2025-08-08 20:57:51.68--ServerSession(1515116175)--Connection(215478702)--Thread(Thread[#3,main,5,main])--ALTER TABLE TB_FORNECEDOR DROP CONSTRAINT TBFRNECEDORDSUARIO
[EL Fine]: sql: 2025-08-08 20:57:51.695--ServerSession(1515116175)--Connection(215478702)--Thread(Thread[#3,main,5,main])--ALTER TABLE TB_USUARIO_SERVICO DROP CONSTRAINT TBSRIOSERVICODSRIO
[EL Fine]: sql: 2025-08-08 20:57:51.712--ServerSession(1515116175)--Connection(215478702)--Thread(Thread[#3,main,5,main])--ALTER TABLE TB_USUARIO_SERVICO DROP CONSTRAINT TBSROSERVICODSRVCO
[EL Fine]: sql: 2025-08-08 20:57:51.724--ServerSession(1515116175)--Connection(215478702)--Thread(Thread[#3,main,5,main])--ALTER TABLE TB_TELEFONE DROP CONSTRAINT TBTELEFONEDUSUARIO
[EL Fine]: sql: 2025-08-08 20:57:51.736--ServerSession(1515116175)--Connection(215478702)--Thread(Thread[#3,main,5,main])--DROP TABLE TB_USUARIO
[EL Fine]: sql: 2025-08-08 20:57:51.795--ServerSession(1515116175)--Connection(215478702)--Thread(Thread[#3,main,5,main])--DROP TABLE TB_CLIENTE
[EL Fine]: sql: 2025-08-08 20:57:51.799--ServerSession(1515116175)--Thread(Thread[#3,main,5,main])--VALUES(1)
[EL Warning]: 2025-08-08 20:57:51.801--ServerSession(1515116175)--Thread(Thread[#3,main,5,main])--Exception [EclipseLink-4002] (Eclipse Persistence Services - 4.0.4.v202407190748-059428cdd2583c46f1f3e50d235854840a6fa9a7): org.eclipse.persistence.exceptions.DatabaseException
Internal Exception: java.sql.SQLSyntaxErrorException: 'DROP TABLE' não pode ser realizado em 'TB_CLIENTE', porque 'TB_CLIENTE' não existe.
Error Code: 30000
Call: DROP TABLE TB_CLIENTE
Query: DataModifyQuery(sql="DROP TABLE TB_CLIENTE")
[EL Fine]: sql: 2025-08-08 20:57:51.803--ServerSession(1515116175)--Connection(215478702)--Thread(Thread[#3,main,5,main])--DROP TABLE TB_IMAGEM
[EL Fine]: sql: 2025-08-08 20:57:51.81--ServerSession(1515116175)--Thread(Thread[#3,main,5,main])--VALUES(1)
[EL Warning]: 2025-08-08 20:57:51.811--ServerSession(1515116175)--Thread(Thread[#3,main,5,main])--Exception [EclipseLink-4002] (Eclipse Persistence Services - 4.0.4.v202407190748-059428cdd2583c46f1f3e50d235854840a6fa9a7): org.eclipse.persistence.exceptions.DatabaseException
Internal Exception: java.sql.SQLSyntaxErrorException: 'DROP TABLE' não pode ser realizado em 'TB_IMAGEM', porque 'TB_IMAGEM' não existe.
Error Code: 30000
Call: DROP TABLE TB_IMAGEM
Query: DataModifyQuery(sql="DROP TABLE TB_IMAGEM")
[EL Fine]: sql: 2025-08-08 20:57:51.812--ServerSession(1515116175)--Connection(215478702)--Thread(Thread[#3,main,5,main])--DROP TABLE TB_FORNECEDOR
[EL Fine]: sql: 2025-08-08 20:57:51.833--ServerSession(1515116175)--Connection(215478702)--Thread(Thread[#3,main,5,main])--DROP TABLE TB_PEDIDO
[EL Fine]: sql: 2025-08-08 20:57:51.837--ServerSession(1515116175)--Thread(Thread[#3,main,5,main])--VALUES(1)
[EL Warning]: 2025-08-08 20:57:51.84--ServerSession(1515116175)--Thread(Thread[#3,main,5,main])--Exception [EclipseLink-4002] (Eclipse Persistence Services - 4.0.4.v202407190748-059428cdd2583c46f1f3e50d235854840a6fa9a7): org.eclipse.persistence.exceptions.DatabaseException
Internal Exception: java.sql.SQLSyntaxErrorException: 'DROP TABLE' não pode ser realizado em 'TB_PEDIDO', porque 'TB_PEDIDO' não existe.
Error Code: 30000
Call: DROP TABLE TB_PEDIDO
Query: DataModifyQuery(sql="DROP TABLE TB_PEDIDO")
[EL Fine]: sql: 2025-08-08 20:57:51.841--ServerSession(1515116175)--Connection(215478702)--Thread(Thread[#3,main,5,main])--DROP TABLE TB_SERVICO
[EL Fine]: sql: 2025-08-08 20:57:51.867--ServerSession(1515116175)--Connection(215478702)--Thread(Thread[#3,main,5,main])--DROP TABLE TB_USUARIO_SERVICO
[EL Fine]: sql: 2025-08-08 20:57:51.868--ServerSession(1515116175)--Thread(Thread[#3,main,5,main])--VALUES(1)
[EL Warning]: 2025-08-08 20:57:51.869--ServerSession(1515116175)--Thread(Thread[#3,main,5,main])--Exception [EclipseLink-4002] (Eclipse Persistence Services - 4.0.4.v202407190748-059428cdd2583c46f1f3e50d235854840a6fa9a7): org.eclipse.persistence.exceptions.DatabaseException
Internal Exception: java.sql.SQLSyntaxErrorException: 'DROP TABLE' não pode ser realizado em 'TB_USUARIO_SERVICO', porque 'TB_USUARIO_SERVICO' não existe.
Error Code: 30000
Call: DROP TABLE TB_USUARIO_SERVICO
Query: DataModifyQuery(sql="DROP TABLE TB_USUARIO_SERVICO")
[EL Fine]: sql: 2025-08-08 20:57:51.869--ServerSession(1515116175)--Connection(215478702)--Thread(Thread[#3,main,5,main])--DROP TABLE TB_TELEFONE
[EL Fine]: sql: 2025-08-08 20:57:51.885--ServerSession(1515116175)--Connection(215478702)--Thread(Thread[#3,main,5,main])--DROP TABLE TB_CLIENTE
[EL Fine]: sql: 2025-08-08 20:57:51.886--ServerSession(1515116175)--Thread(Thread[#3,main,5,main])--VALUES(1)
[EL Warning]: 2025-08-08 20:57:51.888--ServerSession(1515116175)--Thread(Thread[#3,main,5,main])--Exception [EclipseLink-4002] (Eclipse Persistence Services - 4.0.4.v202407190748-059428cdd2583c46f1f3e50d235854840a6fa9a7): org.eclipse.persistence.exceptions.DatabaseException
Internal Exception: java.sql.SQLSyntaxErrorException: 'DROP TABLE' não pode ser realizado em 'TB_CLIENTE', porque 'TB_CLIENTE' não existe.
Error Code: 30000
Call: DROP TABLE TB_CLIENTE
Query: DataModifyQuery(sql="DROP TABLE TB_CLIENTE")
[EL Fine]: sql: 2025-08-08 20:57:51.888--ServerSession(1515116175)--Connection(215478702)--Thread(Thread[#3,main,5,main])--DROP TABLE TB_IMAGEM
[EL Fine]: sql: 2025-08-08 20:57:51.89--ServerSession(1515116175)--Thread(Thread[#3,main,5,main])--VALUES(1)
[EL Warning]: 2025-08-08 20:57:51.892--ServerSession(1515116175)--Thread(Thread[#3,main,5,main])--Exception [EclipseLink-4002] (Eclipse Persistence Services - 4.0.4.v202407190748-059428cdd2583c46f1f3e50d235854840a6fa9a7): org.eclipse.persistence.exceptions.DatabaseException
Internal Exception: java.sql.SQLSyntaxErrorException: 'DROP TABLE' não pode ser realizado em 'TB_IMAGEM', porque 'TB_IMAGEM' não existe.
Error Code: 30000
Call: DROP TABLE TB_IMAGEM
Query: DataModifyQuery(sql="DROP TABLE TB_IMAGEM")
[EL Fine]: sql: 2025-08-08 20:57:51.892--ServerSession(1515116175)--Connection(215478702)--Thread(Thread[#3,main,5,main])--DROP TABLE TB_PEDIDO
[EL Fine]: sql: 2025-08-08 20:57:51.894--ServerSession(1515116175)--Thread(Thread[#3,main,5,main])--VALUES(1)
[EL Warning]: 2025-08-08 20:57:51.895--ServerSession(1515116175)--Thread(Thread[#3,main,5,main])--Exception [EclipseLink-4002] (Eclipse Persistence Services - 4.0.4.v202407190748-059428cdd2583c46f1f3e50d235854840a6fa9a7): org.eclipse.persistence.exceptions.DatabaseException
Internal Exception: java.sql.SQLSyntaxErrorException: 'DROP TABLE' não pode ser realizado em 'TB_PEDIDO', porque 'TB_PEDIDO' não existe.
Error Code: 30000
Call: DROP TABLE TB_PEDIDO
Query: DataModifyQuery(sql="DROP TABLE TB_PEDIDO")
[EL Fine]: sql: 2025-08-08 20:57:51.895--ServerSession(1515116175)--Connection(215478702)--Thread(Thread[#3,main,5,main])--DROP TABLE TB_USUARIO_SERVICO
[EL Fine]: sql: 2025-08-08 20:57:51.898--ServerSession(1515116175)--Thread(Thread[#3,main,5,main])--VALUES(1)
[EL Warning]: 2025-08-08 20:57:51.899--ServerSession(1515116175)--Thread(Thread[#3,main,5,main])--Exception [EclipseLink-4002] (Eclipse Persistence Services - 4.0.4.v202407190748-059428cdd2583c46f1f3e50d235854840a6fa9a7): org.eclipse.persistence.exceptions.DatabaseException
Internal Exception: java.sql.SQLSyntaxErrorException: 'DROP TABLE' não pode ser realizado em 'TB_USUARIO_SERVICO', porque 'TB_USUARIO_SERVICO' não existe.
Error Code: 30000
Call: DROP TABLE TB_USUARIO_SERVICO
Query: DataModifyQuery(sql="DROP TABLE TB_USUARIO_SERVICO")
[EL Fine]: sql: 2025-08-08 20:57:51.899--ServerSession(1515116175)--Connection(215478702)--Thread(Thread[#3,main,5,main])--DROP TABLE TB_CLIENTE
[EL Fine]: sql: 2025-08-08 20:57:51.902--ServerSession(1515116175)--Thread(Thread[#3,main,5,main])--VALUES(1)
[EL Warning]: 2025-08-08 20:57:51.903--ServerSession(1515116175)--Thread(Thread[#3,main,5,main])--Exception [EclipseLink-4002] (Eclipse Persistence Services - 4.0.4.v202407190748-059428cdd2583c46f1f3e50d235854840a6fa9a7): org.eclipse.persistence.exceptions.DatabaseException
Internal Exception: java.sql.SQLSyntaxErrorException: 'DROP TABLE' não pode ser realizado em 'TB_CLIENTE', porque 'TB_CLIENTE' não existe.
Error Code: 30000
Call: DROP TABLE TB_CLIENTE
Query: DataModifyQuery(sql="DROP TABLE TB_CLIENTE")
[EL Fine]: sql: 2025-08-08 20:57:51.903--ServerSession(1515116175)--Connection(215478702)--Thread(Thread[#3,main,5,main])--DROP TABLE TB_IMAGEM
[EL Fine]: sql: 2025-08-08 20:57:51.904--ServerSession(1515116175)--Thread(Thread[#3,main,5,main])--VALUES(1)
[EL Warning]: 2025-08-08 20:57:51.905--ServerSession(1515116175)--Thread(Thread[#3,main,5,main])--Exception [EclipseLink-4002] (Eclipse Persistence Services - 4.0.4.v202407190748-059428cdd2583c46f1f3e50d235854840a6fa9a7): org.eclipse.persistence.exceptions.DatabaseException
Internal Exception: java.sql.SQLSyntaxErrorException: 'DROP TABLE' não pode ser realizado em 'TB_IMAGEM', porque 'TB_IMAGEM' não existe.
Error Code: 30000
Call: DROP TABLE TB_IMAGEM
Query: DataModifyQuery(sql="DROP TABLE TB_IMAGEM")
[EL Fine]: sql: 2025-08-08 20:57:51.905--ServerSession(1515116175)--Connection(215478702)--Thread(Thread[#3,main,5,main])--DROP TABLE TB_PEDIDO
[EL Fine]: sql: 2025-08-08 20:57:51.907--ServerSession(1515116175)--Thread(Thread[#3,main,5,main])--VALUES(1)
[EL Warning]: 2025-08-08 20:57:51.908--ServerSession(1515116175)--Thread(Thread[#3,main,5,main])--Exception [EclipseLink-4002] (Eclipse Persistence Services - 4.0.4.v202407190748-059428cdd2583c46f1f3e50d235854840a6fa9a7): org.eclipse.persistence.exceptions.DatabaseException
Internal Exception: java.sql.SQLSyntaxErrorException: 'DROP TABLE' não pode ser realizado em 'TB_PEDIDO', porque 'TB_PEDIDO' não existe.
Error Code: 30000
Call: DROP TABLE TB_PEDIDO
Query: DataModifyQuery(sql="DROP TABLE TB_PEDIDO")
[EL Fine]: sql: 2025-08-08 20:57:51.908--ServerSession(1515116175)--Connection(215478702)--Thread(Thread[#3,main,5,main])--DROP TABLE TB_USUARIO_SERVICO
[EL Fine]: sql: 2025-08-08 20:57:51.91--ServerSession(1515116175)--Thread(Thread[#3,main,5,main])--VALUES(1)
[EL Warning]: 2025-08-08 20:57:51.915--ServerSession(1515116175)--Thread(Thread[#3,main,5,main])--Exception [EclipseLink-4002] (Eclipse Persistence Services - 4.0.4.v202407190748-059428cdd2583c46f1f3e50d235854840a6fa9a7): org.eclipse.persistence.exceptions.DatabaseException
Internal Exception: java.sql.SQLSyntaxErrorException: 'DROP TABLE' não pode ser realizado em 'TB_USUARIO_SERVICO', porque 'TB_USUARIO_SERVICO' não existe.
Error Code: 30000
Call: DROP TABLE TB_USUARIO_SERVICO
Query: DataModifyQuery(sql="DROP TABLE TB_USUARIO_SERVICO")
[EL Fine]: sql: 2025-08-08 20:57:51.915--ServerSession(1515116175)--Connection(215478702)--Thread(Thread[#3,main,5,main])--DROP TABLE TB_CLIENTE
[EL Fine]: sql: 2025-08-08 20:57:51.917--ServerSession(1515116175)--Thread(Thread[#3,main,5,main])--VALUES(1)
[EL Warning]: 2025-08-08 20:57:51.918--ServerSession(1515116175)--Thread(Thread[#3,main,5,main])--Exception [EclipseLink-4002] (Eclipse Persistence Services - 4.0.4.v202407190748-059428cdd2583c46f1f3e50d235854840a6fa9a7): org.eclipse.persistence.exceptions.DatabaseException
Internal Exception: java.sql.SQLSyntaxErrorException: 'DROP TABLE' não pode ser realizado em 'TB_CLIENTE', porque 'TB_CLIENTE' não existe.
Error Code: 30000
Call: DROP TABLE TB_CLIENTE
Query: DataModifyQuery(sql="DROP TABLE TB_CLIENTE")
[EL Fine]: sql: 2025-08-08 20:57:51.918--ServerSession(1515116175)--Connection(215478702)--Thread(Thread[#3,main,5,main])--DROP TABLE TB_IMAGEM
[EL Fine]: sql: 2025-08-08 20:57:51.92--ServerSession(1515116175)--Thread(Thread[#3,main,5,main])--VALUES(1)
[EL Warning]: 2025-08-08 20:57:51.921--ServerSession(1515116175)--Thread(Thread[#3,main,5,main])--Exception [EclipseLink-4002] (Eclipse Persistence Services - 4.0.4.v202407190748-059428cdd2583c46f1f3e50d235854840a6fa9a7): org.eclipse.persistence.exceptions.DatabaseException
Internal Exception: java.sql.SQLSyntaxErrorException: 'DROP TABLE' não pode ser realizado em 'TB_IMAGEM', porque 'TB_IMAGEM' não existe.
Error Code: 30000
Call: DROP TABLE TB_IMAGEM
Query: DataModifyQuery(sql="DROP TABLE TB_IMAGEM")
[EL Fine]: sql: 2025-08-08 20:57:51.921--ServerSession(1515116175)--Connection(215478702)--Thread(Thread[#3,main,5,main])--DROP TABLE TB_PEDIDO
[EL Fine]: sql: 2025-08-08 20:57:51.923--ServerSession(1515116175)--Thread(Thread[#3,main,5,main])--VALUES(1)
[EL Warning]: 2025-08-08 20:57:51.924--ServerSession(1515116175)--Thread(Thread[#3,main,5,main])--Exception [EclipseLink-4002] (Eclipse Persistence Services - 4.0.4.v202407190748-059428cdd2583c46f1f3e50d235854840a6fa9a7): org.eclipse.persistence.exceptions.DatabaseException
Internal Exception: java.sql.SQLSyntaxErrorException: 'DROP TABLE' não pode ser realizado em 'TB_PEDIDO', porque 'TB_PEDIDO' não existe.
Error Code: 30000
Call: DROP TABLE TB_PEDIDO
Query: DataModifyQuery(sql="DROP TABLE TB_PEDIDO")
[EL Fine]: sql: 2025-08-08 20:57:51.925--ServerSession(1515116175)--Connection(215478702)--Thread(Thread[#3,main,5,main])--DROP TABLE TB_USUARIO_SERVICO
[EL Fine]: sql: 2025-08-08 20:57:51.926--ServerSession(1515116175)--Thread(Thread[#3,main,5,main])--VALUES(1)
[EL Warning]: 2025-08-08 20:57:51.927--ServerSession(1515116175)--Thread(Thread[#3,main,5,main])--Exception [EclipseLink-4002] (Eclipse Persistence Services - 4.0.4.v202407190748-059428cdd2583c46f1f3e50d235854840a6fa9a7): org.eclipse.persistence.exceptions.DatabaseException
Internal Exception: java.sql.SQLSyntaxErrorException: 'DROP TABLE' não pode ser realizado em 'TB_USUARIO_SERVICO', porque 'TB_USUARIO_SERVICO' não existe.
Error Code: 30000
Call: DROP TABLE TB_USUARIO_SERVICO
Query: DataModifyQuery(sql="DROP TABLE TB_USUARIO_SERVICO")
[EL Fine]: sql: 2025-08-08 20:57:51.927--ServerSession(1515116175)--Connection(215478702)--Thread(Thread[#3,main,5,main])--DROP TABLE TB_CLIENTE
[EL Fine]: sql: 2025-08-08 20:57:51.929--ServerSession(1515116175)--Thread(Thread[#3,main,5,main])--VALUES(1)
[EL Warning]: 2025-08-08 20:57:51.929--ServerSession(1515116175)--Thread(Thread[#3,main,5,main])--Exception [EclipseLink-4002] (Eclipse Persistence Services - 4.0.4.v202407190748-059428cdd2583c46f1f3e50d235854840a6fa9a7): org.eclipse.persistence.exceptions.DatabaseException
Internal Exception: java.sql.SQLSyntaxErrorException: 'DROP TABLE' não pode ser realizado em 'TB_CLIENTE', porque 'TB_CLIENTE' não existe.
Error Code: 30000
Call: DROP TABLE TB_CLIENTE
Query: DataModifyQuery(sql="DROP TABLE TB_CLIENTE")
[EL Fine]: sql: 2025-08-08 20:57:51.93--ServerSession(1515116175)--Connection(215478702)--Thread(Thread[#3,main,5,main])--DROP TABLE TB_IMAGEM
[EL Fine]: sql: 2025-08-08 20:57:51.931--ServerSession(1515116175)--Thread(Thread[#3,main,5,main])--VALUES(1)
[EL Warning]: 2025-08-08 20:57:51.932--ServerSession(1515116175)--Thread(Thread[#3,main,5,main])--Exception [EclipseLink-4002] (Eclipse Persistence Services - 4.0.4.v202407190748-059428cdd2583c46f1f3e50d235854840a6fa9a7): org.eclipse.persistence.exceptions.DatabaseException
Internal Exception: java.sql.SQLSyntaxErrorException: 'DROP TABLE' não pode ser realizado em 'TB_IMAGEM', porque 'TB_IMAGEM' não existe.
Error Code: 30000
Call: DROP TABLE TB_IMAGEM
Query: DataModifyQuery(sql="DROP TABLE TB_IMAGEM")
[EL Fine]: sql: 2025-08-08 20:57:51.932--ServerSession(1515116175)--Connection(215478702)--Thread(Thread[#3,main,5,main])--DROP TABLE TB_PEDIDO
[EL Fine]: sql: 2025-08-08 20:57:51.934--ServerSession(1515116175)--Thread(Thread[#3,main,5,main])--VALUES(1)
[EL Warning]: 2025-08-08 20:57:51.934--ServerSession(1515116175)--Thread(Thread[#3,main,5,main])--Exception [EclipseLink-4002] (Eclipse Persistence Services - 4.0.4.v202407190748-059428cdd2583c46f1f3e50d235854840a6fa9a7): org.eclipse.persistence.exceptions.DatabaseException
Internal Exception: java.sql.SQLSyntaxErrorException: 'DROP TABLE' não pode ser realizado em 'TB_PEDIDO', porque 'TB_PEDIDO' não existe.
Error Code: 30000
Call: DROP TABLE TB_PEDIDO
Query: DataModifyQuery(sql="DROP TABLE TB_PEDIDO")
[EL Fine]: sql: 2025-08-08 20:57:51.935--ServerSession(1515116175)--Connection(215478702)--Thread(Thread[#3,main,5,main])--DROP TABLE TB_USUARIO_SERVICO
[EL Fine]: sql: 2025-08-08 20:57:51.936--ServerSession(1515116175)--Thread(Thread[#3,main,5,main])--VALUES(1)
[EL Warning]: 2025-08-08 20:57:51.938--ServerSession(1515116175)--Thread(Thread[#3,main,5,main])--Exception [EclipseLink-4002] (Eclipse Persistence Services - 4.0.4.v202407190748-059428cdd2583c46f1f3e50d235854840a6fa9a7): org.eclipse.persistence.exceptions.DatabaseException
Internal Exception: java.sql.SQLSyntaxErrorException: 'DROP TABLE' não pode ser realizado em 'TB_USUARIO_SERVICO', porque 'TB_USUARIO_SERVICO' não existe.
Error Code: 30000
Call: DROP TABLE TB_USUARIO_SERVICO
Query: DataModifyQuery(sql="DROP TABLE TB_USUARIO_SERVICO")
[EL Fine]: sql: 2025-08-08 20:57:51.941--ServerSession(1515116175)--Connection(215478702)--Thread(Thread[#3,main,5,main])--CREATE TABLE TB_USUARIO (ID BIGINT GENERATED BY DEFAULT AS IDENTITY NOT NULL, DISC_USUARIO VARCHAR(10), TXT_CPF VARCHAR(14) NOT NULL UNIQUE, TXT_EMAIL VARCHAR(50) NOT NULL, TXT_LOGIN VARCHAR(50) NOT NULL UNIQUE, TXT_NOME VARCHAR(255) NOT NULL, TXT_SENHA VARCHAR(20) NOT NULL, END_TXT_BAIRRO VARCHAR(150) NOT NULL, END_TXT_CEP VARCHAR(20) NOT NULL, END_TXT_CIDADE VARCHAR(50) NOT NULL, END_TXT_COMPLEMENTO VARCHAR(30), END_TXT_ESTADO VARCHAR(50) NOT NULL, END_TXT_LOGRADOURO VARCHAR(150) NOT NULL, END_NUMERO INTEGER NOT NULL, PRIMARY KEY (ID))
[EL Fine]: sql: 2025-08-08 20:57:51.984--ServerSession(1515116175)--Connection(215478702)--Thread(Thread[#3,main,5,main])--CREATE TABLE TB_CLIENTE (ID_USUARIO BIGINT NOT NULL, ID_PEDIDO BIGINT, PRIMARY KEY (ID_USUARIO))
[EL Fine]: sql: 2025-08-08 20:57:52.005--ServerSession(1515116175)--Connection(215478702)--Thread(Thread[#3,main,5,main])--CREATE TABLE TB_IMAGEM (ID BIGINT GENERATED BY DEFAULT AS IDENTITY NOT NULL, BYTE_IMAGE BLOB(2147483647) NOT NULL, ID_USUARIO BIGINT, PRIMARY KEY (ID))
[EL Fine]: sql: 2025-08-08 20:57:52.028--ServerSession(1515116175)--Connection(215478702)--Thread(Thread[#3,main,5,main])--CREATE TABLE TB_FORNECEDOR (ID_USUARIO BIGINT NOT NULL, PRIMARY KEY (ID_USUARIO))
[EL Fine]: sql: 2025-08-08 20:57:52.049--ServerSession(1515116175)--Connection(215478702)--Thread(Thread[#3,main,5,main])--CREATE TABLE TB_PEDIDO (ID BIGINT GENERATED BY DEFAULT AS IDENTITY NOT NULL, DT_PEDIDO DATE NOT NULL, TXT_TIPO_PAGAMENTO VARCHAR(20) NOT NULL, PRIMARY KEY (ID))
[EL Fine]: sql: 2025-08-08 20:57:52.086--ServerSession(1515116175)--Thread(Thread[#3,main,5,main])--VALUES(1)
[EL Warning]: 2025-08-08 20:57:52.087--ServerSession(1515116175)--Thread(Thread[#3,main,5,main])--Exception [EclipseLink-4002] (Eclipse Persistence Services - 4.0.4.v202407190748-059428cdd2583c46f1f3e50d235854840a6fa9a7): org.eclipse.persistence.exceptions.DatabaseException
Internal Exception: java.sql.SQLTransactionRollbackException: Table/View 'TB_PEDIDO' já existe em Schema 'APP'.
Error Code: 30000
Call: CREATE TABLE TB_PEDIDO (ID BIGINT GENERATED BY DEFAULT AS IDENTITY NOT NULL, DT_PEDIDO DATE NOT NULL, TXT_TIPO_PAGAMENTO VARCHAR(20) NOT NULL, PRIMARY KEY (ID))
Query: DataModifyQuery(sql="CREATE TABLE TB_PEDIDO (ID BIGINT GENERATED BY DEFAULT AS IDENTITY NOT NULL, DT_PEDIDO DATE NOT NULL, TXT_TIPO_PAGAMENTO VARCHAR(20) NOT NULL, PRIMARY KEY (ID))")
[EL Fine]: sql: 2025-08-08 20:57:52.104--ServerSession(1515116175)--Connection(215478702)--Thread(Thread[#3,main,5,main])--CREATE TABLE TB_USUARIO_SERVICO (ID_USUARIO BIGINT NOT NULL, ID_SERVICO BIGINT NOT NULL, PRIMARY KEY (ID_USUARIO, ID_SERVICO))
[EL Fine]: sql: 2025-08-08 20:57:52.134--ServerSession(1515116175)--Thread(Thread[#3,main,5,main])--VALUES(1)
[EL Warning]: 2025-08-08 20:57:52.135--ServerSession(1515116175)--Thread(Thread[#3,main,5,main])--Exception [EclipseLink-4002] (Eclipse Persistence Services - 4.0.4.v202407190748-059428cdd2583c46f1f3e50d235854840a6fa9a7): org.eclipse.persistence.exceptions.DatabaseException
Internal Exception: java.sql.SQLTransactionRollbackException: Table/View 'TB_USUARIO_SERVICO' já existe em Schema 'APP'.
Error Code: 30000
Call: CREATE TABLE TB_USUARIO_SERVICO (ID_USUARIO BIGINT NOT NULL, ID_SERVICO BIGINT NOT NULL, PRIMARY KEY (ID_USUARIO, ID_SERVICO))
Query: DataModifyQuery(sql="CREATE TABLE TB_USUARIO_SERVICO (ID_USUARIO BIGINT NOT NULL, ID_SERVICO BIGINT NOT NULL, PRIMARY KEY (ID_USUARIO, ID_SERVICO))")
[EL Fine]: sql: 2025-08-08 20:57:52.138--ServerSession(1515116175)--Connection(215478702)--Thread(Thread[#3,main,5,main])--ALTER TABLE TB_CLIENTE ADD CONSTRAINT TBCLIENTEIDUSUARIO FOREIGN KEY (ID_USUARIO) REFERENCES TB_USUARIO (ID)
[EL Fine]: sql: 2025-08-08 20:57:52.144--ServerSession(1515116175)--Connection(215478702)--Thread(Thread[#3,main,5,main])--ALTER TABLE TB_CLIENTE ADD CONSTRAINT TBCLIENTEID_PEDIDO FOREIGN KEY (ID_PEDIDO) REFERENCES TB_PEDIDO (ID)
[EL Fine]: sql: 2025-08-08 20:57:52.162--ServerSession(1515116175)--Connection(215478702)--Thread(Thread[#3,main,5,main])--ALTER TABLE TB_IMAGEM ADD CONSTRAINT TBIMAGEMID_USUARIO FOREIGN KEY (ID_USUARIO) REFERENCES TB_USUARIO (ID)
[EL Fine]: sql: 2025-08-08 20:57:52.175--ServerSession(1515116175)--Thread(Thread[#3,main,5,main])--VALUES(1)
[EL Warning]: 2025-08-08 20:57:52.175--ServerSession(1515116175)--Thread(Thread[#3,main,5,main])--Exception [EclipseLink-4002] (Eclipse Persistence Services - 4.0.4.v202407190748-059428cdd2583c46f1f3e50d235854840a6fa9a7): org.eclipse.persistence.exceptions.DatabaseException
Internal Exception: java.sql.SQLTransactionRollbackException: Constraint 'TBIMAGEMID_USUARIO' já existe em Schema 'APP'.
Error Code: 30000
Call: ALTER TABLE TB_IMAGEM ADD CONSTRAINT TBIMAGEMID_USUARIO FOREIGN KEY (ID_USUARIO) REFERENCES TB_USUARIO (ID)
Query: DataModifyQuery(sql="ALTER TABLE TB_IMAGEM ADD CONSTRAINT TBIMAGEMID_USUARIO FOREIGN KEY (ID_USUARIO) REFERENCES TB_USUARIO (ID)")
[EL Fine]: sql: 2025-08-08 20:57:52.175--ServerSession(1515116175)--Connection(215478702)--Thread(Thread[#3,main,5,main])--ALTER TABLE TB_FORNECEDOR ADD CONSTRAINT TBFRNECEDORDSUARIO FOREIGN KEY (ID_USUARIO) REFERENCES TB_USUARIO (ID)
[EL Fine]: sql: 2025-08-08 20:57:52.183--ServerSession(1515116175)--Connection(215478702)--Thread(Thread[#3,main,5,main])--ALTER TABLE TB_USUARIO_SERVICO ADD CONSTRAINT TBSRIOSERVICODSRIO FOREIGN KEY (ID_USUARIO) REFERENCES TB_USUARIO (ID)
[EL Fine]: sql: 2025-08-08 20:57:52.206--ServerSession(1515116175)--Thread(Thread[#3,main,5,main])--VALUES(1)
[EL Warning]: 2025-08-08 20:57:52.207--ServerSession(1515116175)--Thread(Thread[#3,main,5,main])--Exception [EclipseLink-4002] (Eclipse Persistence Services - 4.0.4.v202407190748-059428cdd2583c46f1f3e50d235854840a6fa9a7): org.eclipse.persistence.exceptions.DatabaseException
Internal Exception: java.sql.SQLTransactionRollbackException: Constraint 'TBSRIOSERVICODSRIO' já existe em Schema 'APP'.
Error Code: 30000
Call: ALTER TABLE TB_USUARIO_SERVICO ADD CONSTRAINT TBSRIOSERVICODSRIO FOREIGN KEY (ID_USUARIO) REFERENCES TB_USUARIO (ID)
Query: DataModifyQuery(sql="ALTER TABLE TB_USUARIO_SERVICO ADD CONSTRAINT TBSRIOSERVICODSRIO FOREIGN KEY (ID_USUARIO) REFERENCES TB_USUARIO (ID)")
[EL Fine]: connection: 2025-08-08 20:57:52.365--ServerSession(1515116175)--Connection(215478702)--Thread(Thread[#3,main,5,main])--disconnect
[EL Fine]: connection: 2025-08-08 20:57:52.365--ServerSession(1515116175)--Thread(Thread[#3,main,5,main])--/file:/home/rafael/Documentos/projetos/faculdade/desenvolvimento-corporativo/projeto-semestre/target/classes/_projeto-semestre logout successful
[EL Fine]: connection: 2025-08-08 20:57:52.365--ServerSession(1515116175)--Connection(1731967318)--Thread(Thread[#3,main,5,main])--disconnect
]]></system-out>
  </testcase>
</testsuite>